This file contains any messages produced by compilers while
running configure, to aid debugging if configure makes a mistake.

It was created by EDE configure 2.1.0, which was
generated by GNU Autoconf 2.69.  Invocation command line was

  $ ./configure 

## --------- ##
## Platform. ##
## --------- ##

hostname = JP-MINIX3
uname -m = i386
uname -r = 3.4.0
uname -s = Minix
uname -v = Minix 3.4.0 (GENERIC)

/usr/bin/uname -p = i386
/bin/uname -X     = unknown

/bin/arch              = unknown
/usr/bin/arch -k       = unknown
/usr/convex/getsysinfo = unknown
/usr/bin/hostinfo      = unknown
/bin/machine           = unknown
/usr/bin/oslevel       = unknown
/bin/universe          = unknown

PATH: /sbin
PATH: /usr/sbin
PATH: /bin
PATH: /usr/bin
PATH: /usr/pkg/sbin
PATH: /usr/pkg/bin
PATH: /usr/X11R7/bin
PATH: /usr/X11R6/bin
PATH: /usr/local/sbin
PATH: /usr/local/bin


## ----------- ##
## Core tests. ##
## ----------- ##

configure:2699: checking for C++ compiler version
configure:2708: clang++ --version >&5
clang version 3.6 (branches/release_36 237755)
Target: i386-elf32-minix
Thread model: posix
configure:2719: $? = 0
configure:2708: clang++ -v >&5
clang version 3.6 (branches/release_36 237755)
Target: i386-elf32-minix
Thread model: posix
configure:2719: $? = 0
configure:2708: clang++ -V >&5
clang: error: argument to '-V' is missing (expected 1 value)
clang: error: no input files
configure:2719: $? = 1
configure:2708: clang++ -qversion >&5
clang: error: unknown argument: '-qversion'
clang: error: no input files
configure:2719: $? = 1
configure:2739: checking whether the C++ compiler works
configure:2761: clang++    conftest.cpp  >&5
configure:2765: $? = 0
configure:2813: result: yes
configure:2816: checking for C++ compiler default output file name
configure:2818: result: a.out
configure:2824: checking for suffix of executables
configure:2831: clang++ -o conftest    conftest.cpp  >&5
configure:2835: $? = 0
configure:2857: result: 
configure:2879: checking whether we are cross compiling
configure:2887: clang++ -o conftest    conftest.cpp  >&5
configure:2891: $? = 0
configure:2898: ./conftest
configure:2902: $? = 0
configure:2917: result: no
configure:2922: checking for suffix of object files
configure:2944: clang++ -c   conftest.cpp >&5
configure:2948: $? = 0
configure:2969: result: o
configure:2973: checking whether we are using the GNU C++ compiler
configure:2992: clang++ -c   conftest.cpp >&5
configure:2992: $? = 0
configure:3001: result: yes
configure:3010: checking whether clang++ accepts -g
configure:3030: clang++ -c -g  conftest.cpp >&5
configure:3030: $? = 0
configure:3071: result: yes
configure:3142: checking for gcc
configure:3169: result: clang
configure:3398: checking for C compiler version
configure:3407: clang --version >&5
clang version 3.6 (branches/release_36 237755)
Target: i386-elf32-minix
Thread model: posix
configure:3418: $? = 0
configure:3407: clang -v >&5
clang version 3.6 (branches/release_36 237755)
Target: i386-elf32-minix
Thread model: posix
configure:3418: $? = 0
configure:3407: clang -V >&5
clang: error: argument to '-V' is missing (expected 1 value)
clang: error: no input files
configure:3418: $? = 1
configure:3407: clang -qversion >&5
clang: error: unknown argument: '-qversion'
clang: error: no input files
configure:3418: $? = 1
configure:3422: checking whether we are using the GNU C compiler
configure:3441: clang -c   conftest.c >&5
configure:3441: $? = 0
configure:3450: result: yes
configure:3459: checking whether clang accepts -g
configure:3479: clang -c -g  conftest.c >&5
configure:3479: $? = 0
configure:3520: result: yes
configure:3537: checking for clang option to accept ISO C89
configure:3600: clang  -c -g -O2  conftest.c >&5
configure:3600: $? = 0
configure:3613: result: none needed
configure:3638: checking how to run the C preprocessor
configure:3669: clang -E  conftest.c
configure:3669: $? = 0
configure:3683: clang -E  conftest.c
conftest.c:10:10: fatal error: 'ac_nonexistent.h' file not found
#include <ac_nonexistent.h>
         ^
1 error generated.
configure:3683: $? = 1
configure: failed program was:
| /* confdefs.h */
| #define PACKAGE_NAME "EDE"
| #define PACKAGE_TARNAME "ede"
| #define PACKAGE_VERSION "2.1.0"
| #define PACKAGE_STRING "EDE 2.1.0"
| #define PACKAGE_BUGREPORT "karijes@users.sourceforge.net"
| #define PACKAGE_URL ""
| #define PREFIX "/usr/local"
| /* end confdefs.h.  */
| #include <ac_nonexistent.h>
configure:3708: result: clang -E
configure:3728: clang -E  conftest.c
configure:3728: $? = 0
configure:3742: clang -E  conftest.c
conftest.c:10:10: fatal error: 'ac_nonexistent.h' file not found
#include <ac_nonexistent.h>
         ^
1 error generated.
configure:3742: $? = 1
configure: failed program was:
| /* confdefs.h */
| #define PACKAGE_NAME "EDE"
| #define PACKAGE_TARNAME "ede"
| #define PACKAGE_VERSION "2.1.0"
| #define PACKAGE_STRING "EDE 2.1.0"
| #define PACKAGE_BUGREPORT "karijes@users.sourceforge.net"
| #define PACKAGE_URL ""
| #define PREFIX "/usr/local"
| /* end confdefs.h.  */
| #include <ac_nonexistent.h>
configure:3773: checking for jam
configure:3791: found /usr/pkg/bin/jam
configure:3803: result: /usr/pkg/bin/jam
configure:3813: checking for jam version
configure:3822: result: 2.5.2  (ok)
configure:3832: checking if your jam is broken
configure:3851: result: it is fine
configure:3860: checking for msgfmt
configure:3893: result: no
configure:3900: checking for xgettext
configure:3933: result: no
configure:3940: checking for gdb
configure:3973: result: no
configure:3980: checking for python
configure:3998: found /usr/pkg/bin/python
configure:4010: result: /usr/pkg/bin/python
configure:4021: checking for X
configure:4129: clang -E  conftest.c
conftest.c:10:10: fatal error: 'X11/Xlib.h' file not found
#include <X11/Xlib.h>
         ^
1 error generated.
configure:4129: $? = 1
configure: failed program was:
| /* confdefs.h */
| #define PACKAGE_NAME "EDE"
| #define PACKAGE_TARNAME "ede"
| #define PACKAGE_VERSION "2.1.0"
| #define PACKAGE_STRING "EDE 2.1.0"
| #define PACKAGE_BUGREPORT "karijes@users.sourceforge.net"
| #define PACKAGE_URL ""
| #define PREFIX "/usr/local"
| /* end confdefs.h.  */
| #include <X11/Xlib.h>
configure:4160: clang -o conftest -g -O2   conftest.c -lX11  >&5
conftest.c:10:10: fatal error: 'X11/Xlib.h' file not found
#include <X11/Xlib.h>
         ^
1 error generated.
configure:4160: $? = 1
configure: failed program was:
| /* confdefs.h */
| #define PACKAGE_NAME "EDE"
| #define PACKAGE_TARNAME "ede"
| #define PACKAGE_VERSION "2.1.0"
| #define PACKAGE_STRING "EDE 2.1.0"
| #define PACKAGE_BUGREPORT "karijes@users.sourceforge.net"
| #define PACKAGE_URL ""
| #define PREFIX "/usr/local"
| /* end confdefs.h.  */
| #include <X11/Xlib.h>
| int
| main ()
| {
| XrmInitialize ()
|   ;
|   return 0;
| }
configure:4210: result: libraries /usr/X11R7/lib, headers /usr/X11R7/include
configure:4230: checking whether -R must be followed by a space
configure:4246: clang -o conftest -g -O2   conftest.c  -R/usr/X11R7/lib >&5
warning: unknown remark option '-R/usr/X11R7/lib'; did you mean '-Rpass-analysis'? [-Wunknown-warning-option]
1 warning generated.
configure:4246: $? = 0
configure: failed program was:
| /* confdefs.h */
| #define PACKAGE_NAME "EDE"
| #define PACKAGE_TARNAME "ede"
| #define PACKAGE_VERSION "2.1.0"
| #define PACKAGE_STRING "EDE 2.1.0"
| #define PACKAGE_BUGREPORT "karijes@users.sourceforge.net"
| #define PACKAGE_URL ""
| #define PREFIX "/usr/local"
| /* end confdefs.h.  */
| 
| int
| main ()
| {
| 
|   ;
|   return 0;
| }
configure:4263: clang -o conftest -g -O2   conftest.c  -R /usr/X11R7/lib >&5
warning: unknown remark option '-R' [-Wunknown-warning-option]
1 warning generated.
/usr/X11R7/lib: file not recognized: File format not recognized
clang: error: linker command failed with exit code 1 (use -v to see invocation)
configure:4263: $? = 1
configure: failed program was:
| /* confdefs.h */
| #define PACKAGE_NAME "EDE"
| #define PACKAGE_TARNAME "ede"
| #define PACKAGE_VERSION "2.1.0"
| #define PACKAGE_STRING "EDE 2.1.0"
| #define PACKAGE_BUGREPORT "karijes@users.sourceforge.net"
| #define PACKAGE_URL ""
| #define PREFIX "/usr/local"
| /* end confdefs.h.  */
| 
| int
| main ()
| {
| 
|   ;
|   return 0;
| }
configure:4268: result: neither works
configure:4309: clang -o conftest -g -O2   conftest.c   -L/usr/X11R7/lib -lX11 >&5
configure:4309: $? = 0
configure:4407: checking for gethostbyname
configure:4407: clang -o conftest -g -O2   conftest.c  >&5
configure:4407: $? = 0
configure:4407: result: yes
configure:4504: checking for connect
configure:4504: clang -o conftest -g -O2   conftest.c  >&5
configure:4504: $? = 0
configure:4504: result: yes
configure:4553: checking for remove
configure:4553: clang -o conftest -g -O2   conftest.c  >&5
configure:4553: $? = 0
configure:4553: result: yes
configure:4602: checking for shmat
configure:4602: clang -o conftest -g -O2   conftest.c  >&5
configure:4602: $? = 0
configure:4602: result: yes
configure:4660: checking for IceConnectionNumber in -lICE
configure:4685: clang -o conftest -g -O2   -L/usr/X11R7/lib conftest.c -lICE   >&5
configure:4685: $? = 0
configure:4694: result: yes
configure:4705: checking for grep that handles long lines and -e
configure:4763: result: /usr/bin/grep
configure:4768: checking for egrep
configure:4830: result: /usr/bin/grep -E
configure:4835: checking for ANSI C header files
configure:4855: clang -c -g -O2  conftest.c >&5
configure:4855: $? = 0
configure:4928: clang -o conftest -g -O2   conftest.c  >&5
configure:4928: $? = 0
configure:4928: ./conftest
configure:4928: $? = 0
configure:4939: result: yes
configure:4948: checking for pselect
configure:4948: clang -o conftest -g -O2   conftest.c  >&5
/var/tmp/conftest-f9edf4.o: In function `main':
/root/ede-2.1/conftest.c:45: undefined reference to `pselect'
clang: error: linker command failed with exit code 1 (use -v to see invocation)
configure:4948: $? = 1
configure: failed program was:
| /* confdefs.h */
| #define PACKAGE_NAME "EDE"
| #define PACKAGE_TARNAME "ede"
| #define PACKAGE_VERSION "2.1.0"
| #define PACKAGE_STRING "EDE 2.1.0"
| #define PACKAGE_BUGREPORT "karijes@users.sourceforge.net"
| #define PACKAGE_URL ""
| #define PREFIX "/usr/local"
| #define STDC_HEADERS 1
| /* end confdefs.h.  */
| /* Define pselect to an innocuous variant, in case <limits.h> declares pselect.
|    For example, HP-UX 11i <limits.h> declares gettimeofday.  */
| #define pselect innocuous_pselect
| 
| /* System header to define __stub macros and hopefully few prototypes,
|     which can conflict with char pselect (); below.
|     Prefer <limits.h> to <assert.h> if __STDC__ is defined, since
|     <limits.h> exists even on freestanding compilers.  */
| 
| #ifdef __STDC__
| # include <limits.h>
| #else
| # include <assert.h>
| #endif
| 
| #undef pselect
| 
| /* Override any GCC internal prototype to avoid an error.
|    Use char because int might match the return type of a GCC
|    builtin and then its argument prototype would still apply.  */
| #ifdef __cplusplus
| extern "C"
| #endif
| char pselect ();
| /* The GNU C library defines this for functions which it implements
|     to always fail with ENOSYS.  Some functions are actually named
|     something starting with __ and the normal name is an alias.  */
| #if defined __stub_pselect || defined __stub___pselect
| choke me
| #endif
| 
| int
| main ()
| {
| return pselect ();
|   ;
|   return 0;
| }
configure:4948: result: no
configure:4955: checking for setgroups
configure:4955: clang -o conftest -g -O2   conftest.c  >&5
configure:4955: $? = 0
configure:4955: result: yes
configure:4962: checking for asprintf
configure:4962: clang -o conftest -g -O2   conftest.c  >&5
conftest.c:46:18: warning: format string missing [-Wformat]
return asprintf ();
       ~~~~~~~~  ^
1 warning generated.
configure:4962: $? = 0
configure:4962: result: yes
configure:4969: checking for setenv
configure:4969: clang -o conftest -g -O2   conftest.c  >&5
configure:4969: $? = 0
configure:4969: result: yes
configure:4976: checking for wcsncmp
configure:4976: clang -o conftest -g -O2   conftest.c  >&5
configure:4976: $? = 0
configure:4976: result: yes
configure:4983: checking for gettimeofday
configure:4983: clang -o conftest -g -O2   conftest.c  >&5
configure:4983: $? = 0
configure:4983: result: yes
configure:4990: checking for localtime_r
configure:4990: clang -o conftest -g -O2   conftest.c  >&5
configure:4990: $? = 0
configure:4990: result: yes
configure:4997: checking for gmtime_r
configure:4997: clang -o conftest -g -O2   conftest.c  >&5
configure:4997: $? = 0
configure:4997: result: yes
configure:5004: checking for strcasecmp
configure:5004: clang -o conftest -g -O2   conftest.c  >&5
conftest.c:41:6: warning: incompatible redeclaration of library function 'strcasecmp' [-Wincompatible-library-redeclaration]
char strcasecmp ();
     ^
conftest.c:41:6: note: 'strcasecmp' is a builtin with type 'int (const char *, const char *)'
1 warning generated.
configure:5004: $? = 0
configure:5004: result: yes
configure:5031: checking for sys/types.h
configure:5031: clang -c -g -O2  conftest.c >&5
configure:5031: $? = 0
configure:5031: result: yes
configure:5031: checking for sys/stat.h
configure:5031: clang -c -g -O2  conftest.c >&5
configure:5031: $? = 0
configure:5031: result: yes
configure:5031: checking for stdlib.h
configure:5031: clang -c -g -O2  conftest.c >&5
configure:5031: $? = 0
configure:5031: result: yes
configure:5031: checking for string.h
configure:5031: clang -c -g -O2  conftest.c >&5
configure:5031: $? = 0
configure:5031: result: yes
configure:5031: checking for memory.h
configure:5031: clang -c -g -O2  conftest.c >&5
configure:5031: $? = 0
configure:5031: result: yes
configure:5031: checking for strings.h
configure:5031: clang -c -g -O2  conftest.c >&5
configure:5031: $? = 0
configure:5031: result: yes
configure:5031: checking for inttypes.h
configure:5031: clang -c -g -O2  conftest.c >&5
configure:5031: $? = 0
configure:5031: result: yes
configure:5031: checking for stdint.h
configure:5031: clang -c -g -O2  conftest.c >&5
configure:5031: $? = 0
configure:5031: result: yes
configure:5031: checking for unistd.h
configure:5031: clang -c -g -O2  conftest.c >&5
configure:5031: $? = 0
configure:5031: result: yes
configure:5043: checking X11/extensions/shape.h usability
configure:5043: clang -c -g -O2  conftest.c >&5
conftest.c:61:10: fatal error: 'X11/extensions/shape.h' file not found
#include <X11/extensions/shape.h>
         ^
1 error generated.
configure:5043: $? = 1
configure: failed program was:
| /* confdefs.h */
| #define PACKAGE_NAME "EDE"
| #define PACKAGE_TARNAME "ede"
| #define PACKAGE_VERSION "2.1.0"
| #define PACKAGE_STRING "EDE 2.1.0"
| #define PACKAGE_BUGREPORT "karijes@users.sourceforge.net"
| #define PACKAGE_URL ""
| #define PREFIX "/usr/local"
| #define STDC_HEADERS 1
| #define HAVE_SETGROUPS 1
| #define HAVE_ASPRINTF 1
| #define HAVE_SETENV 1
| #define HAVE_WCSNCMP 1
| #define HAVE_GETTIMEOFDAY 1
| #define HAVE_LOCALTIME_R 1
| #define HAVE_GMTIME_R 1
| #define HAVE_STRCASECMP 1
| #define HAVE_SYS_TYPES_H 1
| #define HAVE_SYS_STAT_H 1
| #define HAVE_STDLIB_H 1
| #define HAVE_STRING_H 1
| #define HAVE_MEMORY_H 1
| #define HAVE_STRINGS_H 1
| #define HAVE_INTTYPES_H 1
| #define HAVE_STDINT_H 1
| #define HAVE_UNISTD_H 1
| /* end confdefs.h.  */
| #include <stdio.h>
| #ifdef HAVE_SYS_TYPES_H
| # include <sys/types.h>
| #endif
| #ifdef HAVE_SYS_STAT_H
| # include <sys/stat.h>
| #endif
| #ifdef STDC_HEADERS
| # include <stdlib.h>
| # include <stddef.h>
| #else
| # ifdef HAVE_STDLIB_H
| #  include <stdlib.h>
| # endif
| #endif
| #ifdef HAVE_STRING_H
| # if !defined STDC_HEADERS && defined HAVE_MEMORY_H
| #  include <memory.h>
| # endif
| # include <string.h>
| #endif
| #ifdef HAVE_STRINGS_H
| # include <strings.h>
| #endif
| #ifdef HAVE_INTTYPES_H
| # include <inttypes.h>
| #endif
| #ifdef HAVE_STDINT_H
| # include <stdint.h>
| #endif
| #ifdef HAVE_UNISTD_H
| # include <unistd.h>
| #endif
| #include <X11/extensions/shape.h>
configure:5043: result: no
configure:5043: checking X11/extensions/shape.h presence
configure:5043: clang -E  conftest.c
conftest.c:28:10: fatal error: 'X11/extensions/shape.h' file not found
#include <X11/extensions/shape.h>
         ^
1 error generated.
configure:5043: $? = 1
configure: failed program was:
| /* confdefs.h */
| #define PACKAGE_NAME "EDE"
| #define PACKAGE_TARNAME "ede"
| #define PACKAGE_VERSION "2.1.0"
| #define PACKAGE_STRING "EDE 2.1.0"
| #define PACKAGE_BUGREPORT "karijes@users.sourceforge.net"
| #define PACKAGE_URL ""
| #define PREFIX "/usr/local"
| #define STDC_HEADERS 1
| #define HAVE_SETGROUPS 1
| #define HAVE_ASPRINTF 1
| #define HAVE_SETENV 1
| #define HAVE_WCSNCMP 1
| #define HAVE_GETTIMEOFDAY 1
| #define HAVE_LOCALTIME_R 1
| #define HAVE_GMTIME_R 1
| #define HAVE_STRCASECMP 1
| #define HAVE_SYS_TYPES_H 1
| #define HAVE_SYS_STAT_H 1
| #define HAVE_STDLIB_H 1
| #define HAVE_STRING_H 1
| #define HAVE_MEMORY_H 1
| #define HAVE_STRINGS_H 1
| #define HAVE_INTTYPES_H 1
| #define HAVE_STDINT_H 1
| #define HAVE_UNISTD_H 1
| /* end confdefs.h.  */
| #include <X11/extensions/shape.h>
configure:5043: result: no
configure:5043: checking for X11/extensions/shape.h
configure:5043: result: no
configure:5108: checking for pkg-config
configure:5126: found /usr/pkg/bin/pkg-config
configure:5139: result: /usr/pkg/bin/pkg-config
configure:5157: checking for xcomposite
configure:5161: result: yes
configure:5165: checking COMPOSITE_CFLAGS
configure:5168: result: -D_REENTRANT -I/usr/X11R7/include
configure:5171: checking COMPOSITE_LIBS
configure:5182: result: -L/usr/X11R7/lib -lXcomposite -lXdamage -lXfixes -lXext
configure:5276: checking for hal
configure:5394: checking for libstartup-notification-1.0
configure:5454: result: no
configure:5517: checking for edelib
configure:5521: result: yes
configure:5525: checking EDELIB_CFLAGS
configure:5528: result: -I/usr/local/include
configure:5531: checking EDELIB_LIBS
configure:5542: result: -L/usr/local/lib -ledelib
configure:5631: checking for edelib-gui
configure:5635: result: yes
configure:5639: checking EDELIB_GUI_CFLAGS
configure:5642: result: -O2 -march=i586 -D_LARGEFILE_SOURCE -D_LARGEFILE64_SOURCE -D_THREAD_SAFE -D_REENTRANT -I/usr/local/include -I/usr/pkg/include -I/usr/X11R7/include/freetype2 -I/usr/pkg/include -I/usr/X11R7/include -I/usr/X11R7/include/libdrm -I/usr/X11R7/include/freetype2 -I/usr/X11R7/include -I/usr/local/include
configure:5645: checking EDELIB_GUI_LIBS
configure:5656: result: -L/usr/local/lib -L/usr/pkg/lib -L/usr/X11R7/lib -L/usr/local/lib -ledelib_gui -lfltk_images -lpng16 -lz -ljpeg -lfltk -lXcursor -lXfixes -lXext -lXft -lfontconfig -lXinerama -lpthread -lm -lX11 -ledelib
configure:5745: checking for edelib-gui-no-images
configure:5749: result: yes
configure:5753: checking EDELIB_GUI_NO_IMAGES_CFLAGS
configure:5756: result: -O2 -march=i586 -D_LARGEFILE_SOURCE -D_LARGEFILE64_SOURCE -D_THREAD_SAFE -D_REENTRANT -I/usr/local/include -I/usr/pkg/include -I/usr/X11R7/include/freetype2 -I/usr/pkg/include -I/usr/X11R7/include -I/usr/X11R7/include/libdrm -I/usr/X11R7/include/freetype2 -I/usr/X11R7/include -I/usr/local/include
configure:5759: checking EDELIB_GUI_NO_IMAGES_LIBS
configure:5770: result: -L/usr/local/lib -L/usr/pkg/lib -L/usr/X11R7/lib -L/usr/local/lib -ledelib_gui -lfltk -lXcursor -lXfixes -lXext -lXft -lfontconfig -lXinerama -lpthread -lm -lX11 -ledelib
configure:5859: checking for edelib-dbus
configure:5863: result: yes
configure:5867: checking EDELIB_DBUS_CFLAGS
configure:5870: result: -DDBUS_STATIC_BUILD -I/usr/local/include -I/usr/pkg/include/dbus-1.0 -I/usr/pkg/lib/dbus-1.0/include
configure:5873: checking EDELIB_DBUS_LIBS
configure:5884: result: -L/usr/local/lib -L/usr/pkg/lib -ledelib_dbus -ledelib -ldbus-1
configure:5925: checking for fltk-config
configure:5943: found /usr/pkg/bin/fltk-config
configure:5955: result: /usr/pkg/bin/fltk-config
configure:6009: checking for FLTK version >= 1.1.7
configure:6021: result: yes
configure:6036: checking for libXpm
configure:6064: clang -c -g -O2  conftest.c >&5
conftest.c:30:12: fatal error: 'X11/xpm.h' file not found
                #include <X11/xpm.h>
                         ^
1 error generated.
configure:6064: $? = 1
configure: failed program was:
| /* confdefs.h */
| #define PACKAGE_NAME "EDE"
| #define PACKAGE_TARNAME "ede"
| #define PACKAGE_VERSION "2.1.0"
| #define PACKAGE_STRING "EDE 2.1.0"
| #define PACKAGE_BUGREPORT "karijes@users.sourceforge.net"
| #define PACKAGE_URL ""
| #define PREFIX "/usr/local"
| #define STDC_HEADERS 1
| #define HAVE_SETGROUPS 1
| #define HAVE_ASPRINTF 1
| #define HAVE_SETENV 1
| #define HAVE_WCSNCMP 1
| #define HAVE_GETTIMEOFDAY 1
| #define HAVE_LOCALTIME_R 1
| #define HAVE_GMTIME_R 1
| #define HAVE_STRCASECMP 1
| #define HAVE_SYS_TYPES_H 1
| #define HAVE_SYS_STAT_H 1
| #define HAVE_STDLIB_H 1
| #define HAVE_STRING_H 1
| #define HAVE_MEMORY_H 1
| #define HAVE_STRINGS_H 1
| #define HAVE_INTTYPES_H 1
| #define HAVE_STDINT_H 1
| #define HAVE_UNISTD_H 1
| #define HAVE_COMPOSITE 1
| /* end confdefs.h.  */
| 
| 		#include <X11/xpm.h>
| 
| int
| main ()
| {
| 
| 		Pixmap pix, mask;
| 		Display* display;
| 		Drawable d;
| 		XpmCreatePixmapFromData(display, d, 0, &pix, &mask, 0);
| 
|   ;
|   return 0;
| }
configure:6085: result: no
configure:6095: checking for statfs
configure:6121: clang -c -g -O2  conftest.c >&5
conftest.c:30:12: fatal error: 'sys/vfs.h' file not found
                #include <sys/vfs.h>
                         ^
1 error generated.
configure:6121: $? = 1
configure: failed program was:
| /* confdefs.h */
| #define PACKAGE_NAME "EDE"
| #define PACKAGE_TARNAME "ede"
| #define PACKAGE_VERSION "2.1.0"
| #define PACKAGE_STRING "EDE 2.1.0"
| #define PACKAGE_BUGREPORT "karijes@users.sourceforge.net"
| #define PACKAGE_URL ""
| #define PREFIX "/usr/local"
| #define STDC_HEADERS 1
| #define HAVE_SETGROUPS 1
| #define HAVE_ASPRINTF 1
| #define HAVE_SETENV 1
| #define HAVE_WCSNCMP 1
| #define HAVE_GETTIMEOFDAY 1
| #define HAVE_LOCALTIME_R 1
| #define HAVE_GMTIME_R 1
| #define HAVE_STRCASECMP 1
| #define HAVE_SYS_TYPES_H 1
| #define HAVE_SYS_STAT_H 1
| #define HAVE_STDLIB_H 1
| #define HAVE_STRING_H 1
| #define HAVE_MEMORY_H 1
| #define HAVE_STRINGS_H 1
| #define HAVE_INTTYPES_H 1
| #define HAVE_STDINT_H 1
| #define HAVE_UNISTD_H 1
| #define HAVE_COMPOSITE 1
| /* end confdefs.h.  */
| 
| 		#include <sys/vfs.h>
| 
| int
| main ()
| {
| 
| 		struct statfs s;
| 		statfs("/", &s);
| 
|   ;
|   return 0;
| }
configure:6141: result: no
configure:6169: checking for curl-config
configure:6187: found /usr/pkg/bin/curl-config
configure:6199: result: /usr/pkg/bin/curl-config
configure:6238: clang -c -g -O2  conftest.c >&5
conftest.c:31:12: fatal error: 'curl/curl.h' file not found
                #include <curl/curl.h>
                         ^
1 error generated.
configure:6238: $? = 1
configure: failed program was:
| /* confdefs.h */
| #define PACKAGE_NAME "EDE"
| #define PACKAGE_TARNAME "ede"
| #define PACKAGE_VERSION "2.1.0"
| #define PACKAGE_STRING "EDE 2.1.0"
| #define PACKAGE_BUGREPORT "karijes@users.sourceforge.net"
| #define PACKAGE_URL ""
| #define PREFIX "/usr/local"
| #define STDC_HEADERS 1
| #define HAVE_SETGROUPS 1
| #define HAVE_ASPRINTF 1
| #define HAVE_SETENV 1
| #define HAVE_WCSNCMP 1
| #define HAVE_GETTIMEOFDAY 1
| #define HAVE_LOCALTIME_R 1
| #define HAVE_GMTIME_R 1
| #define HAVE_STRCASECMP 1
| #define HAVE_SYS_TYPES_H 1
| #define HAVE_SYS_STAT_H 1
| #define HAVE_STDLIB_H 1
| #define HAVE_STRING_H 1
| #define HAVE_MEMORY_H 1
| #define HAVE_STRINGS_H 1
| #define HAVE_INTTYPES_H 1
| #define HAVE_STDINT_H 1
| #define HAVE_UNISTD_H 1
| #define HAVE_COMPOSITE 1
| #define HAVE_CURL 1
| /* end confdefs.h.  */
| 
| 		#include <curl/curl.h>
| 		#include <curl/types.h>
| 
| int
| main ()
| {
| 
| 		CURL *curl;
| 		curl = curl_easy_init();
| 
|   ;
|   return 0;
| }
configure:6420: checking for the pthreads library -lpthreads
configure:6453: clang -o conftest -g -O2    conftest.c -lpthreads  >&5
conftest.c:30:10: fatal error: 'pthread.h' file not found
#include <pthread.h>
         ^
1 error generated.
configure:6453: $? = 1
configure: failed program was:
| /* confdefs.h */
| #define PACKAGE_NAME "EDE"
| #define PACKAGE_TARNAME "ede"
| #define PACKAGE_VERSION "2.1.0"
| #define PACKAGE_STRING "EDE 2.1.0"
| #define PACKAGE_BUGREPORT "karijes@users.sourceforge.net"
| #define PACKAGE_URL ""
| #define PREFIX "/usr/local"
| #define STDC_HEADERS 1
| #define HAVE_SETGROUPS 1
| #define HAVE_ASPRINTF 1
| #define HAVE_SETENV 1
| #define HAVE_WCSNCMP 1
| #define HAVE_GETTIMEOFDAY 1
| #define HAVE_LOCALTIME_R 1
| #define HAVE_GMTIME_R 1
| #define HAVE_STRCASECMP 1
| #define HAVE_SYS_TYPES_H 1
| #define HAVE_SYS_STAT_H 1
| #define HAVE_STDLIB_H 1
| #define HAVE_STRING_H 1
| #define HAVE_MEMORY_H 1
| #define HAVE_STRINGS_H 1
| #define HAVE_INTTYPES_H 1
| #define HAVE_STDINT_H 1
| #define HAVE_UNISTD_H 1
| #define HAVE_COMPOSITE 1
| #define HAVE_CURL 1
| /* end confdefs.h.  */
| #include <pthread.h>
| int
| main ()
| {
| pthread_t th; pthread_join(th, 0);
|                      pthread_attr_init(0); pthread_cleanup_push(0, 0);
|                      pthread_create(0,0,0,0); pthread_cleanup_pop(0);
|   ;
|   return 0;
| }
configure:6462: result: no
configure:6365: checking whether pthreads work without any flags
configure:6453: clang -o conftest -g -O2    conftest.c   >&5
conftest.c:30:10: fatal error: 'pthread.h' file not found
#include <pthread.h>
         ^
1 error generated.
configure:6453: $? = 1
configure: failed program was:
| /* confdefs.h */
| #define PACKAGE_NAME "EDE"
| #define PACKAGE_TARNAME "ede"
| #define PACKAGE_VERSION "2.1.0"
| #define PACKAGE_STRING "EDE 2.1.0"
| #define PACKAGE_BUGREPORT "karijes@users.sourceforge.net"
| #define PACKAGE_URL ""
| #define PREFIX "/usr/local"
| #define STDC_HEADERS 1
| #define HAVE_SETGROUPS 1
| #define HAVE_ASPRINTF 1
| #define HAVE_SETENV 1
| #define HAVE_WCSNCMP 1
| #define HAVE_GETTIMEOFDAY 1
| #define HAVE_LOCALTIME_R 1
| #define HAVE_GMTIME_R 1
| #define HAVE_STRCASECMP 1
| #define HAVE_SYS_TYPES_H 1
| #define HAVE_SYS_STAT_H 1
| #define HAVE_STDLIB_H 1
| #define HAVE_STRING_H 1
| #define HAVE_MEMORY_H 1
| #define HAVE_STRINGS_H 1
| #define HAVE_INTTYPES_H 1
| #define HAVE_STDINT_H 1
| #define HAVE_UNISTD_H 1
| #define HAVE_COMPOSITE 1
| #define HAVE_CURL 1
| /* end confdefs.h.  */
| #include <pthread.h>
| int
| main ()
| {
| pthread_t th; pthread_join(th, 0);
|                      pthread_attr_init(0); pthread_cleanup_push(0, 0);
|                      pthread_create(0,0,0,0); pthread_cleanup_pop(0);
|   ;
|   return 0;
| }
configure:6462: result: no
configure:6370: checking whether pthreads work with -Kthread
configure:6453: clang -o conftest -g -O2 -Kthread   conftest.c   >&5
clang: error: unknown argument: '-Kthread'
configure:6453: $? = 1
configure: failed program was:
| /* confdefs.h */
| #define PACKAGE_NAME "EDE"
| #define PACKAGE_TARNAME "ede"
| #define PACKAGE_VERSION "2.1.0"
| #define PACKAGE_STRING "EDE 2.1.0"
| #define PACKAGE_BUGREPORT "karijes@users.sourceforge.net"
| #define PACKAGE_URL ""
| #define PREFIX "/usr/local"
| #define STDC_HEADERS 1
| #define HAVE_SETGROUPS 1
| #define HAVE_ASPRINTF 1
| #define HAVE_SETENV 1
| #define HAVE_WCSNCMP 1
| #define HAVE_GETTIMEOFDAY 1
| #define HAVE_LOCALTIME_R 1
| #define HAVE_GMTIME_R 1
| #define HAVE_STRCASECMP 1
| #define HAVE_SYS_TYPES_H 1
| #define HAVE_SYS_STAT_H 1
| #define HAVE_STDLIB_H 1
| #define HAVE_STRING_H 1
| #define HAVE_MEMORY_H 1
| #define HAVE_STRINGS_H 1
| #define HAVE_INTTYPES_H 1
| #define HAVE_STDINT_H 1
| #define HAVE_UNISTD_H 1
| #define HAVE_COMPOSITE 1
| #define HAVE_CURL 1
| /* end confdefs.h.  */
| #include <pthread.h>
| int
| main ()
| {
| pthread_t th; pthread_join(th, 0);
|                      pthread_attr_init(0); pthread_cleanup_push(0, 0);
|                      pthread_create(0,0,0,0); pthread_cleanup_pop(0);
|   ;
|   return 0;
| }
configure:6462: result: no
configure:6370: checking whether pthreads work with -kthread
configure:6453: clang -o conftest -g -O2 -kthread   conftest.c   >&5
clang: error: unknown argument: '-kthread'
configure:6453: $? = 1
configure: failed program was:
| /* confdefs.h */
| #define PACKAGE_NAME "EDE"
| #define PACKAGE_TARNAME "ede"
| #define PACKAGE_VERSION "2.1.0"
| #define PACKAGE_STRING "EDE 2.1.0"
| #define PACKAGE_BUGREPORT "karijes@users.sourceforge.net"
| #define PACKAGE_URL ""
| #define PREFIX "/usr/local"
| #define STDC_HEADERS 1
| #define HAVE_SETGROUPS 1
| #define HAVE_ASPRINTF 1
| #define HAVE_SETENV 1
| #define HAVE_WCSNCMP 1
| #define HAVE_GETTIMEOFDAY 1
| #define HAVE_LOCALTIME_R 1
| #define HAVE_GMTIME_R 1
| #define HAVE_STRCASECMP 1
| #define HAVE_SYS_TYPES_H 1
| #define HAVE_SYS_STAT_H 1
| #define HAVE_STDLIB_H 1
| #define HAVE_STRING_H 1
| #define HAVE_MEMORY_H 1
| #define HAVE_STRINGS_H 1
| #define HAVE_INTTYPES_H 1
| #define HAVE_STDINT_H 1
| #define HAVE_UNISTD_H 1
| #define HAVE_COMPOSITE 1
| #define HAVE_CURL 1
| /* end confdefs.h.  */
| #include <pthread.h>
| int
| main ()
| {
| pthread_t th; pthread_join(th, 0);
|                      pthread_attr_init(0); pthread_cleanup_push(0, 0);
|                      pthread_create(0,0,0,0); pthread_cleanup_pop(0);
|   ;
|   return 0;
| }
configure:6462: result: no
configure:6420: checking for the pthreads library -llthread
configure:6453: clang -o conftest -g -O2    conftest.c -llthread  >&5
conftest.c:30:10: fatal error: 'pthread.h' file not found
#include <pthread.h>
         ^
1 error generated.
configure:6453: $? = 1
configure: failed program was:
| /* confdefs.h */
| #define PACKAGE_NAME "EDE"
| #define PACKAGE_TARNAME "ede"
| #define PACKAGE_VERSION "2.1.0"
| #define PACKAGE_STRING "EDE 2.1.0"
| #define PACKAGE_BUGREPORT "karijes@users.sourceforge.net"
| #define PACKAGE_URL ""
| #define PREFIX "/usr/local"
| #define STDC_HEADERS 1
| #define HAVE_SETGROUPS 1
| #define HAVE_ASPRINTF 1
| #define HAVE_SETENV 1
| #define HAVE_WCSNCMP 1
| #define HAVE_GETTIMEOFDAY 1
| #define HAVE_LOCALTIME_R 1
| #define HAVE_GMTIME_R 1
| #define HAVE_STRCASECMP 1
| #define HAVE_SYS_TYPES_H 1
| #define HAVE_SYS_STAT_H 1
| #define HAVE_STDLIB_H 1
| #define HAVE_STRING_H 1
| #define HAVE_MEMORY_H 1
| #define HAVE_STRINGS_H 1
| #define HAVE_INTTYPES_H 1
| #define HAVE_STDINT_H 1
| #define HAVE_UNISTD_H 1
| #define HAVE_COMPOSITE 1
| #define HAVE_CURL 1
| /* end confdefs.h.  */
| #include <pthread.h>
| int
| main ()
| {
| pthread_t th; pthread_join(th, 0);
|                      pthread_attr_init(0); pthread_cleanup_push(0, 0);
|                      pthread_create(0,0,0,0); pthread_cleanup_pop(0);
|   ;
|   return 0;
| }
configure:6462: result: no
configure:6370: checking whether pthreads work with -pthread
configure:6453: clang -o conftest -g -O2 -pthread   conftest.c   >&5
conftest.c:30:10: fatal error: 'pthread.h' file not found
#include <pthread.h>
         ^
1 error generated.
configure:6453: $? = 1
configure: failed program was:
| /* confdefs.h */
| #define PACKAGE_NAME "EDE"
| #define PACKAGE_TARNAME "ede"
| #define PACKAGE_VERSION "2.1.0"
| #define PACKAGE_STRING "EDE 2.1.0"
| #define PACKAGE_BUGREPORT "karijes@users.sourceforge.net"
| #define PACKAGE_URL ""
| #define PREFIX "/usr/local"
| #define STDC_HEADERS 1
| #define HAVE_SETGROUPS 1
| #define HAVE_ASPRINTF 1
| #define HAVE_SETENV 1
| #define HAVE_WCSNCMP 1
| #define HAVE_GETTIMEOFDAY 1
| #define HAVE_LOCALTIME_R 1
| #define HAVE_GMTIME_R 1
| #define HAVE_STRCASECMP 1
| #define HAVE_SYS_TYPES_H 1
| #define HAVE_SYS_STAT_H 1
| #define HAVE_STDLIB_H 1
| #define HAVE_STRING_H 1
| #define HAVE_MEMORY_H 1
| #define HAVE_STRINGS_H 1
| #define HAVE_INTTYPES_H 1
| #define HAVE_STDINT_H 1
| #define HAVE_UNISTD_H 1
| #define HAVE_COMPOSITE 1
| #define HAVE_CURL 1
| /* end confdefs.h.  */
| #include <pthread.h>
| int
| main ()
| {
| pthread_t th; pthread_join(th, 0);
|                      pthread_attr_init(0); pthread_cleanup_push(0, 0);
|                      pthread_create(0,0,0,0); pthread_cleanup_pop(0);
|   ;
|   return 0;
| }
configure:6462: result: no
configure:6370: checking whether pthreads work with -pthreads
configure:6453: clang -o conftest -g -O2 -pthreads   conftest.c   >&5
clang: warning: argument unused during compilation: '-pthreads'
conftest.c:30:10: fatal error: 'pthread.h' file not found
#include <pthread.h>
         ^
1 error generated.
configure:6453: $? = 1
configure: failed program was:
| /* confdefs.h */
| #define PACKAGE_NAME "EDE"
| #define PACKAGE_TARNAME "ede"
| #define PACKAGE_VERSION "2.1.0"
| #define PACKAGE_STRING "EDE 2.1.0"
| #define PACKAGE_BUGREPORT "karijes@users.sourceforge.net"
| #define PACKAGE_URL ""
| #define PREFIX "/usr/local"
| #define STDC_HEADERS 1
| #define HAVE_SETGROUPS 1
| #define HAVE_ASPRINTF 1
| #define HAVE_SETENV 1
| #define HAVE_WCSNCMP 1
| #define HAVE_GETTIMEOFDAY 1
| #define HAVE_LOCALTIME_R 1
| #define HAVE_GMTIME_R 1
| #define HAVE_STRCASECMP 1
| #define HAVE_SYS_TYPES_H 1
| #define HAVE_SYS_STAT_H 1
| #define HAVE_STDLIB_H 1
| #define HAVE_STRING_H 1
| #define HAVE_MEMORY_H 1
| #define HAVE_STRINGS_H 1
| #define HAVE_INTTYPES_H 1
| #define HAVE_STDINT_H 1
| #define HAVE_UNISTD_H 1
| #define HAVE_COMPOSITE 1
| #define HAVE_CURL 1
| /* end confdefs.h.  */
| #include <pthread.h>
| int
| main ()
| {
| pthread_t th; pthread_join(th, 0);
|                      pthread_attr_init(0); pthread_cleanup_push(0, 0);
|                      pthread_create(0,0,0,0); pthread_cleanup_pop(0);
|   ;
|   return 0;
| }
configure:6462: result: no
configure:6370: checking whether pthreads work with -mthreads
configure:6453: clang -o conftest -g -O2 -mthreads   conftest.c   >&5
clang: error: unknown argument: '-mthreads'
configure:6453: $? = 1
configure: failed program was:
| /* confdefs.h */
| #define PACKAGE_NAME "EDE"
| #define PACKAGE_TARNAME "ede"
| #define PACKAGE_VERSION "2.1.0"
| #define PACKAGE_STRING "EDE 2.1.0"
| #define PACKAGE_BUGREPORT "karijes@users.sourceforge.net"
| #define PACKAGE_URL ""
| #define PREFIX "/usr/local"
| #define STDC_HEADERS 1
| #define HAVE_SETGROUPS 1
| #define HAVE_ASPRINTF 1
| #define HAVE_SETENV 1
| #define HAVE_WCSNCMP 1
| #define HAVE_GETTIMEOFDAY 1
| #define HAVE_LOCALTIME_R 1
| #define HAVE_GMTIME_R 1
| #define HAVE_STRCASECMP 1
| #define HAVE_SYS_TYPES_H 1
| #define HAVE_SYS_STAT_H 1
| #define HAVE_STDLIB_H 1
| #define HAVE_STRING_H 1
| #define HAVE_MEMORY_H 1
| #define HAVE_STRINGS_H 1
| #define HAVE_INTTYPES_H 1
| #define HAVE_STDINT_H 1
| #define HAVE_UNISTD_H 1
| #define HAVE_COMPOSITE 1
| #define HAVE_CURL 1
| /* end confdefs.h.  */
| #include <pthread.h>
| int
| main ()
| {
| pthread_t th; pthread_join(th, 0);
|                      pthread_attr_init(0); pthread_cleanup_push(0, 0);
|                      pthread_create(0,0,0,0); pthread_cleanup_pop(0);
|   ;
|   return 0;
| }
configure:6462: result: no
configure:6420: checking for the pthreads library -lpthread
configure:6453: clang -o conftest -g -O2    conftest.c -lpthread  >&5
conftest.c:30:10: fatal error: 'pthread.h' file not found
#include <pthread.h>
         ^
1 error generated.
configure:6453: $? = 1
configure: failed program was:
| /* confdefs.h */
| #define PACKAGE_NAME "EDE"
| #define PACKAGE_TARNAME "ede"
| #define PACKAGE_VERSION "2.1.0"
| #define PACKAGE_STRING "EDE 2.1.0"
| #define PACKAGE_BUGREPORT "karijes@users.sourceforge.net"
| #define PACKAGE_URL ""
| #define PREFIX "/usr/local"
| #define STDC_HEADERS 1
| #define HAVE_SETGROUPS 1
| #define HAVE_ASPRINTF 1
| #define HAVE_SETENV 1
| #define HAVE_WCSNCMP 1
| #define HAVE_GETTIMEOFDAY 1
| #define HAVE_LOCALTIME_R 1
| #define HAVE_GMTIME_R 1
| #define HAVE_STRCASECMP 1
| #define HAVE_SYS_TYPES_H 1
| #define HAVE_SYS_STAT_H 1
| #define HAVE_STDLIB_H 1
| #define HAVE_STRING_H 1
| #define HAVE_MEMORY_H 1
| #define HAVE_STRINGS_H 1
| #define HAVE_INTTYPES_H 1
| #define HAVE_STDINT_H 1
| #define HAVE_UNISTD_H 1
| #define HAVE_COMPOSITE 1
| #define HAVE_CURL 1
| /* end confdefs.h.  */
| #include <pthread.h>
| int
| main ()
| {
| pthread_t th; pthread_join(th, 0);
|                      pthread_attr_init(0); pthread_cleanup_push(0, 0);
|                      pthread_create(0,0,0,0); pthread_cleanup_pop(0);
|   ;
|   return 0;
| }
configure:6462: result: no
configure:6370: checking whether pthreads work with --thread-safe
configure:6453: clang -o conftest -g -O2 --thread-safe   conftest.c   >&5
clang: error: unsupported option '--thread-safe'
configure:6453: $? = 1
configure: failed program was:
| /* confdefs.h */
| #define PACKAGE_NAME "EDE"
| #define PACKAGE_TARNAME "ede"
| #define PACKAGE_VERSION "2.1.0"
| #define PACKAGE_STRING "EDE 2.1.0"
| #define PACKAGE_BUGREPORT "karijes@users.sourceforge.net"
| #define PACKAGE_URL ""
| #define PREFIX "/usr/local"
| #define STDC_HEADERS 1
| #define HAVE_SETGROUPS 1
| #define HAVE_ASPRINTF 1
| #define HAVE_SETENV 1
| #define HAVE_WCSNCMP 1
| #define HAVE_GETTIMEOFDAY 1
| #define HAVE_LOCALTIME_R 1
| #define HAVE_GMTIME_R 1
| #define HAVE_STRCASECMP 1
| #define HAVE_SYS_TYPES_H 1
| #define HAVE_SYS_STAT_H 1
| #define HAVE_STDLIB_H 1
| #define HAVE_STRING_H 1
| #define HAVE_MEMORY_H 1
| #define HAVE_STRINGS_H 1
| #define HAVE_INTTYPES_H 1
| #define HAVE_STDINT_H 1
| #define HAVE_UNISTD_H 1
| #define HAVE_COMPOSITE 1
| #define HAVE_CURL 1
| /* end confdefs.h.  */
| #include <pthread.h>
| int
| main ()
| {
| pthread_t th; pthread_join(th, 0);
|                      pthread_attr_init(0); pthread_cleanup_push(0, 0);
|                      pthread_create(0,0,0,0); pthread_cleanup_pop(0);
|   ;
|   return 0;
| }
configure:6462: result: no
configure:6370: checking whether pthreads work with -mt
configure:6453: clang -o conftest -g -O2 -mt   conftest.c   >&5
clang: error: unknown argument: '-mt'
configure:6453: $? = 1
configure: failed program was:
| /* confdefs.h */
| #define PACKAGE_NAME "EDE"
| #define PACKAGE_TARNAME "ede"
| #define PACKAGE_VERSION "2.1.0"
| #define PACKAGE_STRING "EDE 2.1.0"
| #define PACKAGE_BUGREPORT "karijes@users.sourceforge.net"
| #define PACKAGE_URL ""
| #define PREFIX "/usr/local"
| #define STDC_HEADERS 1
| #define HAVE_SETGROUPS 1
| #define HAVE_ASPRINTF 1
| #define HAVE_SETENV 1
| #define HAVE_WCSNCMP 1
| #define HAVE_GETTIMEOFDAY 1
| #define HAVE_LOCALTIME_R 1
| #define HAVE_GMTIME_R 1
| #define HAVE_STRCASECMP 1
| #define HAVE_SYS_TYPES_H 1
| #define HAVE_SYS_STAT_H 1
| #define HAVE_STDLIB_H 1
| #define HAVE_STRING_H 1
| #define HAVE_MEMORY_H 1
| #define HAVE_STRINGS_H 1
| #define HAVE_INTTYPES_H 1
| #define HAVE_STDINT_H 1
| #define HAVE_UNISTD_H 1
| #define HAVE_COMPOSITE 1
| #define HAVE_CURL 1
| /* end confdefs.h.  */
| #include <pthread.h>
| int
| main ()
| {
| pthread_t th; pthread_join(th, 0);
|                      pthread_attr_init(0); pthread_cleanup_push(0, 0);
|                      pthread_create(0,0,0,0); pthread_cleanup_pop(0);
|   ;
|   return 0;
| }
configure:6462: result: no
configure:6378: checking for pthread-config
configure:6394: found /usr/pkg/bin/pthread-config
configure:6406: result: yes
configure:6453: clang -o conftest -g -O2 -I/usr/pkg/include   conftest.c -L/usr/pkg/lib -lpthread  >&5
configure:6453: $? = 0
configure:6462: result: yes
configure:6481: checking for joinable pthread attribute
configure:6496: clang -o conftest -g -O2 -I/usr/pkg/include   conftest.c -L/usr/pkg/lib -lpthread  >&5
configure:6496: $? = 0
configure:6502: result: PTHREAD_CREATE_JOINABLE
configure:6512: checking if more special flags are required for pthreads
configure:6519: result: no
configure:6602: checking for XKB extension files
configure:6635: clang -o conftest -g -O2  -I/usr/X11R7/include   conftest.c   -L/usr/X11R7/lib  -lxkbfile >&5
configure:6635: $? = 0
configure:6655: result: yes
configure:6662: checking whether va_list is an array
configure:6679: clang -c -g -O2  conftest.c >&5
configure:6679: $? = 0
configure:6693: result: no
configure:6697: checking kstat.h usability
configure:6697: clang -c -g -O2  conftest.c >&5
conftest.c:65:10: fatal error: 'kstat.h' file not found
#include <kstat.h>
         ^
1 error generated.
configure:6697: $? = 1
configure: failed program was:
| /* confdefs.h */
| #define PACKAGE_NAME "EDE"
| #define PACKAGE_TARNAME "ede"
| #define PACKAGE_VERSION "2.1.0"
| #define PACKAGE_STRING "EDE 2.1.0"
| #define PACKAGE_BUGREPORT "karijes@users.sourceforge.net"
| #define PACKAGE_URL ""
| #define PREFIX "/usr/local"
| #define STDC_HEADERS 1
| #define HAVE_SETGROUPS 1
| #define HAVE_ASPRINTF 1
| #define HAVE_SETENV 1
| #define HAVE_WCSNCMP 1
| #define HAVE_GETTIMEOFDAY 1
| #define HAVE_LOCALTIME_R 1
| #define HAVE_GMTIME_R 1
| #define HAVE_STRCASECMP 1
| #define HAVE_SYS_TYPES_H 1
| #define HAVE_SYS_STAT_H 1
| #define HAVE_STDLIB_H 1
| #define HAVE_STRING_H 1
| #define HAVE_MEMORY_H 1
| #define HAVE_STRINGS_H 1
| #define HAVE_INTTYPES_H 1
| #define HAVE_STDINT_H 1
| #define HAVE_UNISTD_H 1
| #define HAVE_COMPOSITE 1
| #define HAVE_CURL 1
| #define HAVE_PTHREAD 1
| #define HAVE_XKBRULES 1
| /* end confdefs.h.  */
| #include <stdio.h>
| #ifdef HAVE_SYS_TYPES_H
| # include <sys/types.h>
| #endif
| #ifdef HAVE_SYS_STAT_H
| # include <sys/stat.h>
| #endif
| #ifdef STDC_HEADERS
| # include <stdlib.h>
| # include <stddef.h>
| #else
| # ifdef HAVE_STDLIB_H
| #  include <stdlib.h>
| # endif
| #endif
| #ifdef HAVE_STRING_H
| # if !defined STDC_HEADERS && defined HAVE_MEMORY_H
| #  include <memory.h>
| # endif
| # include <string.h>
| #endif
| #ifdef HAVE_STRINGS_H
| # include <strings.h>
| #endif
| #ifdef HAVE_INTTYPES_H
| # include <inttypes.h>
| #endif
| #ifdef HAVE_STDINT_H
| # include <stdint.h>
| #endif
| #ifdef HAVE_UNISTD_H
| # include <unistd.h>
| #endif
| #include <kstat.h>
configure:6697: result: no
configure:6697: checking kstat.h presence
configure:6697: clang -E  conftest.c
conftest.c:32:10: fatal error: 'kstat.h' file not found
#include <kstat.h>
         ^
1 error generated.
configure:6697: $? = 1
configure: failed program was:
| /* confdefs.h */
| #define PACKAGE_NAME "EDE"
| #define PACKAGE_TARNAME "ede"
| #define PACKAGE_VERSION "2.1.0"
| #define PACKAGE_STRING "EDE 2.1.0"
| #define PACKAGE_BUGREPORT "karijes@users.sourceforge.net"
| #define PACKAGE_URL ""
| #define PREFIX "/usr/local"
| #define STDC_HEADERS 1
| #define HAVE_SETGROUPS 1
| #define HAVE_ASPRINTF 1
| #define HAVE_SETENV 1
| #define HAVE_WCSNCMP 1
| #define HAVE_GETTIMEOFDAY 1
| #define HAVE_LOCALTIME_R 1
| #define HAVE_GMTIME_R 1
| #define HAVE_STRCASECMP 1
| #define HAVE_SYS_TYPES_H 1
| #define HAVE_SYS_STAT_H 1
| #define HAVE_STDLIB_H 1
| #define HAVE_STRING_H 1
| #define HAVE_MEMORY_H 1
| #define HAVE_STRINGS_H 1
| #define HAVE_INTTYPES_H 1
| #define HAVE_STDINT_H 1
| #define HAVE_UNISTD_H 1
| #define HAVE_COMPOSITE 1
| #define HAVE_CURL 1
| #define HAVE_PTHREAD 1
| #define HAVE_XKBRULES 1
| /* end confdefs.h.  */
| #include <kstat.h>
configure:6697: result: no
configure:6697: checking for kstat.h
configure:6697: result: no
configure:6760: checking how to run the C++ preprocessor
configure:6787: clang++ -E  conftest.cpp
configure:6787: $? = 0
configure:6801: clang++ -E  conftest.cpp
conftest.cpp:32:10: fatal error: 'ac_nonexistent.h' file not found
#include <ac_nonexistent.h>
         ^
1 error generated.
configure:6801: $? = 1
configure: failed program was:
| /* confdefs.h */
| #define PACKAGE_NAME "EDE"
| #define PACKAGE_TARNAME "ede"
| #define PACKAGE_VERSION "2.1.0"
| #define PACKAGE_STRING "EDE 2.1.0"
| #define PACKAGE_BUGREPORT "karijes@users.sourceforge.net"
| #define PACKAGE_URL ""
| #define PREFIX "/usr/local"
| #define STDC_HEADERS 1
| #define HAVE_SETGROUPS 1
| #define HAVE_ASPRINTF 1
| #define HAVE_SETENV 1
| #define HAVE_WCSNCMP 1
| #define HAVE_GETTIMEOFDAY 1
| #define HAVE_LOCALTIME_R 1
| #define HAVE_GMTIME_R 1
| #define HAVE_STRCASECMP 1
| #define HAVE_SYS_TYPES_H 1
| #define HAVE_SYS_STAT_H 1
| #define HAVE_STDLIB_H 1
| #define HAVE_STRING_H 1
| #define HAVE_MEMORY_H 1
| #define HAVE_STRINGS_H 1
| #define HAVE_INTTYPES_H 1
| #define HAVE_STDINT_H 1
| #define HAVE_UNISTD_H 1
| #define HAVE_COMPOSITE 1
| #define HAVE_CURL 1
| #define HAVE_PTHREAD 1
| #define HAVE_XKBRULES 1
| /* end confdefs.h.  */
| #include <ac_nonexistent.h>
configure:6826: result: clang++ -E
configure:6846: clang++ -E  conftest.cpp
configure:6846: $? = 0
configure:6860: clang++ -E  conftest.cpp
conftest.cpp:32:10: fatal error: 'ac_nonexistent.h' file not found
#include <ac_nonexistent.h>
         ^
1 error generated.
configure:6860: $? = 1
configure: failed program was:
| /* confdefs.h */
| #define PACKAGE_NAME "EDE"
| #define PACKAGE_TARNAME "ede"
| #define PACKAGE_VERSION "2.1.0"
| #define PACKAGE_STRING "EDE 2.1.0"
| #define PACKAGE_BUGREPORT "karijes@users.sourceforge.net"
| #define PACKAGE_URL ""
| #define PREFIX "/usr/local"
| #define STDC_HEADERS 1
| #define HAVE_SETGROUPS 1
| #define HAVE_ASPRINTF 1
| #define HAVE_SETENV 1
| #define HAVE_WCSNCMP 1
| #define HAVE_GETTIMEOFDAY 1
| #define HAVE_LOCALTIME_R 1
| #define HAVE_GMTIME_R 1
| #define HAVE_STRCASECMP 1
| #define HAVE_SYS_TYPES_H 1
| #define HAVE_SYS_STAT_H 1
| #define HAVE_STDLIB_H 1
| #define HAVE_STRING_H 1
| #define HAVE_MEMORY_H 1
| #define HAVE_STRINGS_H 1
| #define HAVE_INTTYPES_H 1
| #define HAVE_STDINT_H 1
| #define HAVE_UNISTD_H 1
| #define HAVE_COMPOSITE 1
| #define HAVE_CURL 1
| #define HAVE_PTHREAD 1
| #define HAVE_XKBRULES 1
| /* end confdefs.h.  */
| #include <ac_nonexistent.h>
configure:6915: checking for iconvctl
configure:6915: clang++ -o conftest -g -O2   conftest.cpp  >&5
/var/tmp/conftest-ee859b.o: In function `main':
/root/ede-2.1/conftest.cpp:67: undefined reference to `iconvctl'
clang: error: linker command failed with exit code 1 (use -v to see invocation)
configure:6915: $? = 1
configure: failed program was:
| /* confdefs.h */
| #define PACKAGE_NAME "EDE"
| #define PACKAGE_TARNAME "ede"
| #define PACKAGE_VERSION "2.1.0"
| #define PACKAGE_STRING "EDE 2.1.0"
| #define PACKAGE_BUGREPORT "karijes@users.sourceforge.net"
| #define PACKAGE_URL ""
| #define PREFIX "/usr/local"
| #define STDC_HEADERS 1
| #define HAVE_SETGROUPS 1
| #define HAVE_ASPRINTF 1
| #define HAVE_SETENV 1
| #define HAVE_WCSNCMP 1
| #define HAVE_GETTIMEOFDAY 1
| #define HAVE_LOCALTIME_R 1
| #define HAVE_GMTIME_R 1
| #define HAVE_STRCASECMP 1
| #define HAVE_SYS_TYPES_H 1
| #define HAVE_SYS_STAT_H 1
| #define HAVE_STDLIB_H 1
| #define HAVE_STRING_H 1
| #define HAVE_MEMORY_H 1
| #define HAVE_STRINGS_H 1
| #define HAVE_INTTYPES_H 1
| #define HAVE_STDINT_H 1
| #define HAVE_UNISTD_H 1
| #define HAVE_COMPOSITE 1
| #define HAVE_CURL 1
| #define HAVE_PTHREAD 1
| #define HAVE_XKBRULES 1
| #define ICONV_CONST 1
| /* end confdefs.h.  */
| /* Define iconvctl to an innocuous variant, in case <limits.h> declares iconvctl.
|    For example, HP-UX 11i <limits.h> declares gettimeofday.  */
| #define iconvctl innocuous_iconvctl
| 
| /* System header to define __stub macros and hopefully few prototypes,
|     which can conflict with char iconvctl (); below.
|     Prefer <limits.h> to <assert.h> if __STDC__ is defined, since
|     <limits.h> exists even on freestanding compilers.  */
| 
| #ifdef __STDC__
| # include <limits.h>
| #else
| # include <assert.h>
| #endif
| 
| #undef iconvctl
| 
| /* Override any GCC internal prototype to avoid an error.
|    Use char because int might match the return type of a GCC
|    builtin and then its argument prototype would still apply.  */
| #ifdef __cplusplus
| extern "C"
| #endif
| char iconvctl ();
| /* The GNU C library defines this for functions which it implements
|     to always fail with ENOSYS.  Some functions are actually named
|     something starting with __ and the normal name is an alias.  */
| #if defined __stub_iconvctl || defined __stub___iconvctl
| choke me
| #endif
| 
| int
| main ()
| {
| return iconvctl ();
|   ;
|   return 0;
| }
configure:6915: result: no
configure:6926: checking whether to build support for the Xinerama extension
configure:6928: checking for XineramaQueryScreens in -lXinerama
configure:6953: clang++ -o conftest -g -O2   conftest.cpp -lXinerama   >&5
/usr/bin/ld: cannot find -lXinerama
clang: error: linker command failed with exit code 1 (use -v to see invocation)
configure:6953: $? = 1
configure: failed program was:
| /* confdefs.h */
| #define PACKAGE_NAME "EDE"
| #define PACKAGE_TARNAME "ede"
| #define PACKAGE_VERSION "2.1.0"
| #define PACKAGE_STRING "EDE 2.1.0"
| #define PACKAGE_BUGREPORT "karijes@users.sourceforge.net"
| #define PACKAGE_URL ""
| #define PREFIX "/usr/local"
| #define STDC_HEADERS 1
| #define HAVE_SETGROUPS 1
| #define HAVE_ASPRINTF 1
| #define HAVE_SETENV 1
| #define HAVE_WCSNCMP 1
| #define HAVE_GETTIMEOFDAY 1
| #define HAVE_LOCALTIME_R 1
| #define HAVE_GMTIME_R 1
| #define HAVE_STRCASECMP 1
| #define HAVE_SYS_TYPES_H 1
| #define HAVE_SYS_STAT_H 1
| #define HAVE_STDLIB_H 1
| #define HAVE_STRING_H 1
| #define HAVE_MEMORY_H 1
| #define HAVE_STRINGS_H 1
| #define HAVE_INTTYPES_H 1
| #define HAVE_STDINT_H 1
| #define HAVE_UNISTD_H 1
| #define HAVE_COMPOSITE 1
| #define HAVE_CURL 1
| #define HAVE_PTHREAD 1
| #define HAVE_XKBRULES 1
| #define ICONV_CONST 1
| /* end confdefs.h.  */
| 
| /* Override any GCC internal prototype to avoid an error.
|    Use char because int might match the return type of a GCC
|    builtin and then its argument prototype would still apply.  */
| #ifdef __cplusplus
| extern "C"
| #endif
| char XineramaQueryScreens ();
| int
| main ()
| {
| return XineramaQueryScreens ();
|   ;
|   return 0;
| }
configure:6962: result: no
configure:6973: checking whether to support Xft fonts
configure:7030: checking for xft >= 2.0.0
configure:7034: result: yes
configure:7038: checking xft_CFLAGS
configure:7041: result: -D_REENTRANT -I/usr/pkg/include/freetype2 -I/usr/X11R7/include -I/usr/X11R7/include/freetype2 -I/usr/X11R7/include
configure:7044: checking xft_LIBS
configure:7055: result: -L/usr/X11R7/lib -lXft
configure:7104: checking wheter to build support for the XRANDR extension
configure:7161: checking for xrandr >= 1.2.0
configure:7165: result: yes
configure:7169: checking xrandr_CFLAGS
configure:7172: result: -D_REENTRANT -I/usr/X11R7/include
configure:7175: checking xrandr_LIBS
configure:7186: result: -L/usr/X11R7/lib -lXrandr
configure:7228: checking for ANSI C header files
configure:7332: result: yes
configure:7343: checking limits usability
configure:7343: clang++ -c -g -O2  conftest.cpp >&5
configure:7343: $? = 0
configure:7343: result: yes
configure:7343: checking limits presence
configure:7343: clang++ -E  conftest.cpp
configure:7343: $? = 0
configure:7343: result: yes
configure:7343: checking for limits
configure:7343: result: yes
configure:7343: checking slist usability
configure:7343: clang++ -c -g -O2  conftest.cpp >&5
conftest.cpp:70:10: fatal error: 'slist' file not found
#include <slist>
         ^
1 error generated.
configure:7343: $? = 1
configure: failed program was:
| /* confdefs.h */
| #define PACKAGE_NAME "EDE"
| #define PACKAGE_TARNAME "ede"
| #define PACKAGE_VERSION "2.1.0"
| #define PACKAGE_STRING "EDE 2.1.0"
| #define PACKAGE_BUGREPORT "karijes@users.sourceforge.net"
| #define PACKAGE_URL ""
| #define PREFIX "/usr/local"
| #define STDC_HEADERS 1
| #define HAVE_SETGROUPS 1
| #define HAVE_ASPRINTF 1
| #define HAVE_SETENV 1
| #define HAVE_WCSNCMP 1
| #define HAVE_GETTIMEOFDAY 1
| #define HAVE_LOCALTIME_R 1
| #define HAVE_GMTIME_R 1
| #define HAVE_STRCASECMP 1
| #define HAVE_SYS_TYPES_H 1
| #define HAVE_SYS_STAT_H 1
| #define HAVE_STDLIB_H 1
| #define HAVE_STRING_H 1
| #define HAVE_MEMORY_H 1
| #define HAVE_STRINGS_H 1
| #define HAVE_INTTYPES_H 1
| #define HAVE_STDINT_H 1
| #define HAVE_UNISTD_H 1
| #define HAVE_COMPOSITE 1
| #define HAVE_CURL 1
| #define HAVE_PTHREAD 1
| #define HAVE_XKBRULES 1
| #define ICONV_CONST 1
| #define HAVE_XFT 1
| #define HAVE_XRANDR 1
| #define STDC_HEADERS 1
| #define HAVE_LIMITS 1
| /* end confdefs.h.  */
| #include <stdio.h>
| #ifdef HAVE_SYS_TYPES_H
| # include <sys/types.h>
| #endif
| #ifdef HAVE_SYS_STAT_H
| # include <sys/stat.h>
| #endif
| #ifdef STDC_HEADERS
| # include <stdlib.h>
| # include <stddef.h>
| #else
| # ifdef HAVE_STDLIB_H
| #  include <stdlib.h>
| # endif
| #endif
| #ifdef HAVE_STRING_H
| # if !defined STDC_HEADERS && defined HAVE_MEMORY_H
| #  include <memory.h>
| # endif
| # include <string.h>
| #endif
| #ifdef HAVE_STRINGS_H
| # include <strings.h>
| #endif
| #ifdef HAVE_INTTYPES_H
| # include <inttypes.h>
| #endif
| #ifdef HAVE_STDINT_H
| # include <stdint.h>
| #endif
| #ifdef HAVE_UNISTD_H
| # include <unistd.h>
| #endif
| #include <slist>
configure:7343: result: no
configure:7343: checking slist presence
configure:7343: clang++ -E  conftest.cpp
conftest.cpp:37:10: fatal error: 'slist' file not found
#include <slist>
         ^
1 error generated.
configure:7343: $? = 1
configure: failed program was:
| /* confdefs.h */
| #define PACKAGE_NAME "EDE"
| #define PACKAGE_TARNAME "ede"
| #define PACKAGE_VERSION "2.1.0"
| #define PACKAGE_STRING "EDE 2.1.0"
| #define PACKAGE_BUGREPORT "karijes@users.sourceforge.net"
| #define PACKAGE_URL ""
| #define PREFIX "/usr/local"
| #define STDC_HEADERS 1
| #define HAVE_SETGROUPS 1
| #define HAVE_ASPRINTF 1
| #define HAVE_SETENV 1
| #define HAVE_WCSNCMP 1
| #define HAVE_GETTIMEOFDAY 1
| #define HAVE_LOCALTIME_R 1
| #define HAVE_GMTIME_R 1
| #define HAVE_STRCASECMP 1
| #define HAVE_SYS_TYPES_H 1
| #define HAVE_SYS_STAT_H 1
| #define HAVE_STDLIB_H 1
| #define HAVE_STRING_H 1
| #define HAVE_MEMORY_H 1
| #define HAVE_STRINGS_H 1
| #define HAVE_INTTYPES_H 1
| #define HAVE_STDINT_H 1
| #define HAVE_UNISTD_H 1
| #define HAVE_COMPOSITE 1
| #define HAVE_CURL 1
| #define HAVE_PTHREAD 1
| #define HAVE_XKBRULES 1
| #define ICONV_CONST 1
| #define HAVE_XFT 1
| #define HAVE_XRANDR 1
| #define STDC_HEADERS 1
| #define HAVE_LIMITS 1
| /* end confdefs.h.  */
| #include <slist>
configure:7343: result: no
configure:7343: checking for slist
configure:7343: result: no
configure:7343: checking ext/slist usability
configure:7343: clang++ -c -g -O2  conftest.cpp >&5
conftest.cpp:70:10: fatal error: 'ext/slist' file not found
#include <ext/slist>
         ^
1 error generated.
configure:7343: $? = 1
configure: failed program was:
| /* confdefs.h */
| #define PACKAGE_NAME "EDE"
| #define PACKAGE_TARNAME "ede"
| #define PACKAGE_VERSION "2.1.0"
| #define PACKAGE_STRING "EDE 2.1.0"
| #define PACKAGE_BUGREPORT "karijes@users.sourceforge.net"
| #define PACKAGE_URL ""
| #define PREFIX "/usr/local"
| #define STDC_HEADERS 1
| #define HAVE_SETGROUPS 1
| #define HAVE_ASPRINTF 1
| #define HAVE_SETENV 1
| #define HAVE_WCSNCMP 1
| #define HAVE_GETTIMEOFDAY 1
| #define HAVE_LOCALTIME_R 1
| #define HAVE_GMTIME_R 1
| #define HAVE_STRCASECMP 1
| #define HAVE_SYS_TYPES_H 1
| #define HAVE_SYS_STAT_H 1
| #define HAVE_STDLIB_H 1
| #define HAVE_STRING_H 1
| #define HAVE_MEMORY_H 1
| #define HAVE_STRINGS_H 1
| #define HAVE_INTTYPES_H 1
| #define HAVE_STDINT_H 1
| #define HAVE_UNISTD_H 1
| #define HAVE_COMPOSITE 1
| #define HAVE_CURL 1
| #define HAVE_PTHREAD 1
| #define HAVE_XKBRULES 1
| #define ICONV_CONST 1
| #define HAVE_XFT 1
| #define HAVE_XRANDR 1
| #define STDC_HEADERS 1
| #define HAVE_LIMITS 1
| /* end confdefs.h.  */
| #include <stdio.h>
| #ifdef HAVE_SYS_TYPES_H
| # include <sys/types.h>
| #endif
| #ifdef HAVE_SYS_STAT_H
| # include <sys/stat.h>
| #endif
| #ifdef STDC_HEADERS
| # include <stdlib.h>
| # include <stddef.h>
| #else
| # ifdef HAVE_STDLIB_H
| #  include <stdlib.h>
| # endif
| #endif
| #ifdef HAVE_STRING_H
| # if !defined STDC_HEADERS && defined HAVE_MEMORY_H
| #  include <memory.h>
| # endif
| # include <string.h>
| #endif
| #ifdef HAVE_STRINGS_H
| # include <strings.h>
| #endif
| #ifdef HAVE_INTTYPES_H
| # include <inttypes.h>
| #endif
| #ifdef HAVE_STDINT_H
| # include <stdint.h>
| #endif
| #ifdef HAVE_UNISTD_H
| # include <unistd.h>
| #endif
| #include <ext/slist>
configure:7343: result: no
configure:7343: checking ext/slist presence
configure:7343: clang++ -E  conftest.cpp
conftest.cpp:37:10: fatal error: 'ext/slist' file not found
#include <ext/slist>
         ^
1 error generated.
configure:7343: $? = 1
configure: failed program was:
| /* confdefs.h */
| #define PACKAGE_NAME "EDE"
| #define PACKAGE_TARNAME "ede"
| #define PACKAGE_VERSION "2.1.0"
| #define PACKAGE_STRING "EDE 2.1.0"
| #define PACKAGE_BUGREPORT "karijes@users.sourceforge.net"
| #define PACKAGE_URL ""
| #define PREFIX "/usr/local"
| #define STDC_HEADERS 1
| #define HAVE_SETGROUPS 1
| #define HAVE_ASPRINTF 1
| #define HAVE_SETENV 1
| #define HAVE_WCSNCMP 1
| #define HAVE_GETTIMEOFDAY 1
| #define HAVE_LOCALTIME_R 1
| #define HAVE_GMTIME_R 1
| #define HAVE_STRCASECMP 1
| #define HAVE_SYS_TYPES_H 1
| #define HAVE_SYS_STAT_H 1
| #define HAVE_STDLIB_H 1
| #define HAVE_STRING_H 1
| #define HAVE_MEMORY_H 1
| #define HAVE_STRINGS_H 1
| #define HAVE_INTTYPES_H 1
| #define HAVE_STDINT_H 1
| #define HAVE_UNISTD_H 1
| #define HAVE_COMPOSITE 1
| #define HAVE_CURL 1
| #define HAVE_PTHREAD 1
| #define HAVE_XKBRULES 1
| #define ICONV_CONST 1
| #define HAVE_XFT 1
| #define HAVE_XRANDR 1
| #define STDC_HEADERS 1
| #define HAVE_LIMITS 1
| /* end confdefs.h.  */
| #include <ext/slist>
configure:7343: result: no
configure:7343: checking for ext/slist
configure:7343: result: no
configure:7376: clang++ -c -g -O2  conftest.cpp >&5
conftest.cpp:47:6: error: no member named 'slist' in namespace 'std'
std::slist<int> test;
~~~~~^
conftest.cpp:47:15: error: expected '(' for function-style cast or type construction
std::slist<int> test;
           ~~~^
conftest.cpp:47:17: error: use of undeclared identifier 'test'
std::slist<int> test;
                ^
3 errors generated.
configure:7376: $? = 1
configure: failed program was:
| /* confdefs.h */
| #define PACKAGE_NAME "EDE"
| #define PACKAGE_TARNAME "ede"
| #define PACKAGE_VERSION "2.1.0"
| #define PACKAGE_STRING "EDE 2.1.0"
| #define PACKAGE_BUGREPORT "karijes@users.sourceforge.net"
| #define PACKAGE_URL ""
| #define PREFIX "/usr/local"
| #define STDC_HEADERS 1
| #define HAVE_SETGROUPS 1
| #define HAVE_ASPRINTF 1
| #define HAVE_SETENV 1
| #define HAVE_WCSNCMP 1
| #define HAVE_GETTIMEOFDAY 1
| #define HAVE_LOCALTIME_R 1
| #define HAVE_GMTIME_R 1
| #define HAVE_STRCASECMP 1
| #define HAVE_SYS_TYPES_H 1
| #define HAVE_SYS_STAT_H 1
| #define HAVE_STDLIB_H 1
| #define HAVE_STRING_H 1
| #define HAVE_MEMORY_H 1
| #define HAVE_STRINGS_H 1
| #define HAVE_INTTYPES_H 1
| #define HAVE_STDINT_H 1
| #define HAVE_UNISTD_H 1
| #define HAVE_COMPOSITE 1
| #define HAVE_CURL 1
| #define HAVE_PTHREAD 1
| #define HAVE_XKBRULES 1
| #define ICONV_CONST 1
| #define HAVE_XFT 1
| #define HAVE_XRANDR 1
| #define STDC_HEADERS 1
| #define HAVE_LIMITS 1
| /* end confdefs.h.  */
| 
| #ifdef HAVE_SLIST
| #include <slist>
| #else // HAVE_EXT_SLIST
| #include <forward_list>//<ext/slist>
| #endif // HAVE_SLIST
| 
| int
| main ()
| {
| std::slist<int> test;
|   ;
|   return 0;
| }
configure:7402: clang++ -c -g -O2  conftest.cpp >&5
conftest.cpp:47:6: error: no template named 'forward_list'; did you mean 'std::forward_list'?
std:;forward_list<int> test; //__gnu_cxx::slist<int> test;
     ^~~~~~~~~~~~
     std::forward_list
/usr/include/c++/forward_list:527:29: note: 'std::forward_list' declared here
class _LIBCPP_TYPE_VIS_ONLY forward_list
                            ^
1 error generated.
configure:7402: $? = 1
configure: failed program was:
| /* confdefs.h */
| #define PACKAGE_NAME "EDE"
| #define PACKAGE_TARNAME "ede"
| #define PACKAGE_VERSION "2.1.0"
| #define PACKAGE_STRING "EDE 2.1.0"
| #define PACKAGE_BUGREPORT "karijes@users.sourceforge.net"
| #define PACKAGE_URL ""
| #define PREFIX "/usr/local"
| #define STDC_HEADERS 1
| #define HAVE_SETGROUPS 1
| #define HAVE_ASPRINTF 1
| #define HAVE_SETENV 1
| #define HAVE_WCSNCMP 1
| #define HAVE_GETTIMEOFDAY 1
| #define HAVE_LOCALTIME_R 1
| #define HAVE_GMTIME_R 1
| #define HAVE_STRCASECMP 1
| #define HAVE_SYS_TYPES_H 1
| #define HAVE_SYS_STAT_H 1
| #define HAVE_STDLIB_H 1
| #define HAVE_STRING_H 1
| #define HAVE_MEMORY_H 1
| #define HAVE_STRINGS_H 1
| #define HAVE_INTTYPES_H 1
| #define HAVE_STDINT_H 1
| #define HAVE_UNISTD_H 1
| #define HAVE_COMPOSITE 1
| #define HAVE_CURL 1
| #define HAVE_PTHREAD 1
| #define HAVE_XKBRULES 1
| #define ICONV_CONST 1
| #define HAVE_XFT 1
| #define HAVE_XRANDR 1
| #define STDC_HEADERS 1
| #define HAVE_LIMITS 1
| /* end confdefs.h.  */
| 
| #ifdef HAVE_SLIST
| #include <slist>
| #else // HAVE_EXT_SLIST
| #include <forward_list> //<ext/slist>
| #endif // HAVE_SLIST
| 
| int
| main ()
| {
| std:;forward_list<int> test; //__gnu_cxx::slist<int> test;
|   ;
|   return 0;
| }
configure:7411: checking for setenv
configure:7411: result: yes
configure:7418: checking for unsetenv
configure:7418: clang++ -o conftest -g -O2   conftest.cpp  >&5
configure:7418: $? = 0
configure:7418: result: yes
configure:7425: checking for swprintf
configure:7425: clang++ -o conftest -g -O2   conftest.cpp  >&5
configure:7425: $? = 0
configure:7425: result: yes
configure:7433: checking for timersub in time.h
configure:7446: clang++ -o conftest -g -O2   conftest.cpp  >&5
configure:7446: $? = 0
configure:7453: result: yes
configure:7463: checking wheter to build support XPM images
configure:7465: checking for XpmReadFileToPixmap in -lXpm
configure:7490: clang++ -o conftest -g -O2   conftest.cpp -lXpm   >&5
/usr/bin/ld: cannot find -lXpm
clang: error: linker command failed with exit code 1 (use -v to see invocation)
configure:7490: $? = 1
configure: failed program was:
| /* confdefs.h */
| #define PACKAGE_NAME "EDE"
| #define PACKAGE_TARNAME "ede"
| #define PACKAGE_VERSION "2.1.0"
| #define PACKAGE_STRING "EDE 2.1.0"
| #define PACKAGE_BUGREPORT "karijes@users.sourceforge.net"
| #define PACKAGE_URL ""
| #define PREFIX "/usr/local"
| #define STDC_HEADERS 1
| #define HAVE_SETGROUPS 1
| #define HAVE_ASPRINTF 1
| #define HAVE_SETENV 1
| #define HAVE_WCSNCMP 1
| #define HAVE_GETTIMEOFDAY 1
| #define HAVE_LOCALTIME_R 1
| #define HAVE_GMTIME_R 1
| #define HAVE_STRCASECMP 1
| #define HAVE_SYS_TYPES_H 1
| #define HAVE_SYS_STAT_H 1
| #define HAVE_STDLIB_H 1
| #define HAVE_STRING_H 1
| #define HAVE_MEMORY_H 1
| #define HAVE_STRINGS_H 1
| #define HAVE_INTTYPES_H 1
| #define HAVE_STDINT_H 1
| #define HAVE_UNISTD_H 1
| #define HAVE_COMPOSITE 1
| #define HAVE_CURL 1
| #define HAVE_PTHREAD 1
| #define HAVE_XKBRULES 1
| #define ICONV_CONST 1
| #define HAVE_XFT 1
| #define HAVE_XRANDR 1
| #define STDC_HEADERS 1
| #define HAVE_LIMITS 1
| #define HAVE_SETENV 1
| #define HAVE_UNSETENV 1
| #define HAVE_SWPRINTF 1
| #define HAVE_TIMERSUB 1
| /* end confdefs.h.  */
| 
| /* Override any GCC internal prototype to avoid an error.
|    Use char because int might match the return type of a GCC
|    builtin and then its argument prototype would still apply.  */
| #ifdef __cplusplus
| extern "C"
| #endif
| char XpmReadFileToPixmap ();
| int
| main ()
| {
| return XpmReadFileToPixmap ();
|   ;
|   return 0;
| }
configure:7499: result: no
configure:7532: checking for jpeg_read_header in -ljpeg
configure:7557: clang++ -o conftest -g -O2   conftest.cpp -ljpeg   >&5
/usr/bin/ld: cannot find -ljpeg
clang: error: linker command failed with exit code 1 (use -v to see invocation)
configure:7557: $? = 1
configure: failed program was:
| /* confdefs.h */
| #define PACKAGE_NAME "EDE"
| #define PACKAGE_TARNAME "ede"
| #define PACKAGE_VERSION "2.1.0"
| #define PACKAGE_STRING "EDE 2.1.0"
| #define PACKAGE_BUGREPORT "karijes@users.sourceforge.net"
| #define PACKAGE_URL ""
| #define PREFIX "/usr/local"
| #define STDC_HEADERS 1
| #define HAVE_SETGROUPS 1
| #define HAVE_ASPRINTF 1
| #define HAVE_SETENV 1
| #define HAVE_WCSNCMP 1
| #define HAVE_GETTIMEOFDAY 1
| #define HAVE_LOCALTIME_R 1
| #define HAVE_GMTIME_R 1
| #define HAVE_STRCASECMP 1
| #define HAVE_SYS_TYPES_H 1
| #define HAVE_SYS_STAT_H 1
| #define HAVE_STDLIB_H 1
| #define HAVE_STRING_H 1
| #define HAVE_MEMORY_H 1
| #define HAVE_STRINGS_H 1
| #define HAVE_INTTYPES_H 1
| #define HAVE_STDINT_H 1
| #define HAVE_UNISTD_H 1
| #define HAVE_COMPOSITE 1
| #define HAVE_CURL 1
| #define HAVE_PTHREAD 1
| #define HAVE_XKBRULES 1
| #define ICONV_CONST 1
| #define HAVE_XFT 1
| #define HAVE_XRANDR 1
| #define STDC_HEADERS 1
| #define HAVE_LIMITS 1
| #define HAVE_SETENV 1
| #define HAVE_UNSETENV 1
| #define HAVE_SWPRINTF 1
| #define HAVE_TIMERSUB 1
| /* end confdefs.h.  */
| 
| /* Override any GCC internal prototype to avoid an error.
|    Use char because int might match the return type of a GCC
|    builtin and then its argument prototype would still apply.  */
| #ifdef __cplusplus
| extern "C"
| #endif
| char jpeg_read_header ();
| int
| main ()
| {
| return jpeg_read_header ();
|   ;
|   return 0;
| }
configure:7566: result: no
configure:7591: result: no
configure:7651: checking for libpng12 >= 1.2.0
configure:7769: checking for libpng >= 1.0.0
configure:7773: result: yes
configure:7777: checking libpng_CFLAGS
configure:7780: result: -I/usr/pkg/include/libpng16
configure:7783: checking libpng_LIBS
configure:7794: result: -L/usr/pkg/lib -lpng16
configure:8050: creating ./config.status

## ---------------------- ##
## Running config.status. ##
## ---------------------- ##

This file was extended by EDE config.status 2.1.0, which was
generated by GNU Autoconf 2.69.  Invocation command line was

  CONFIG_FILES    = 
  CONFIG_HEADERS  = 
  CONFIG_LINKS    = 
  CONFIG_COMMANDS = 
  $ ./config.status 

on JP-MINIX3

config.status:912: creating Jamconfig
config.status:912: creating tools/l10n-prepare.sh
config.status:912: creating data/startede
config.status:912: creating data/ede.desktop
config.status:912: creating doc/index.txt
config.status:912: creating services/org.equinoxproject.Launch.service
config.status:912: creating config.h

## ---------------- ##
## Cache variables. ##
## ---------------- ##

ac_cv_c_compiler_gnu=yes
ac_cv_cxx_compiler_gnu=yes
ac_cv_env_CCC_set=
ac_cv_env_CCC_value=
ac_cv_env_CC_set=set
ac_cv_env_CC_value=clang
ac_cv_env_CFLAGS_set=
ac_cv_env_CFLAGS_value=
ac_cv_env_CPPFLAGS_set=
ac_cv_env_CPPFLAGS_value=
ac_cv_env_CPP_set=
ac_cv_env_CPP_value=
ac_cv_env_CXXCPP_set=
ac_cv_env_CXXCPP_value=
ac_cv_env_CXXFLAGS_set=
ac_cv_env_CXXFLAGS_value=
ac_cv_env_CXX_set=set
ac_cv_env_CXX_value=clang++
ac_cv_env_LDFLAGS_set=
ac_cv_env_LDFLAGS_value=
ac_cv_env_LIBS_set=
ac_cv_env_LIBS_value=
ac_cv_env_XMKMF_set=
ac_cv_env_XMKMF_value=
ac_cv_env_build_alias_set=
ac_cv_env_build_alias_value=
ac_cv_env_host_alias_set=
ac_cv_env_host_alias_value=
ac_cv_env_target_alias_set=
ac_cv_env_target_alias_value=
ac_cv_func_asprintf=yes
ac_cv_func_connect=yes
ac_cv_func_gethostbyname=yes
ac_cv_func_gettimeofday=yes
ac_cv_func_gmtime_r=yes
ac_cv_func_iconvctl=no
ac_cv_func_localtime_r=yes
ac_cv_func_pselect=no
ac_cv_func_remove=yes
ac_cv_func_setenv=yes
ac_cv_func_setgroups=yes
ac_cv_func_shmat=yes
ac_cv_func_strcasecmp=yes
ac_cv_func_swprintf=yes
ac_cv_func_unsetenv=yes
ac_cv_func_wcsncmp=yes
ac_cv_have_x='have_x=yes	ac_x_includes='\''/usr/X11R7/include'\''	ac_x_libraries='\''/usr/X11R7/lib'\'
ac_cv_header_X11_extensions_shape_h=no
ac_cv_header_ext_slist=no
ac_cv_header_inttypes_h=yes
ac_cv_header_kstat_h=no
ac_cv_header_limits=yes
ac_cv_header_memory_h=yes
ac_cv_header_slist=no
ac_cv_header_stdc=yes
ac_cv_header_stdint_h=yes
ac_cv_header_stdlib_h=yes
ac_cv_header_string_h=yes
ac_cv_header_strings_h=yes
ac_cv_header_sys_stat_h=yes
ac_cv_header_sys_types_h=yes
ac_cv_header_unistd_h=yes
ac_cv_lib_ICE_IceConnectionNumber=yes
ac_cv_lib_Xinerama_XineramaQueryScreens=no
ac_cv_lib_Xpm_XpmReadFileToPixmap=no
ac_cv_lib_jpeg_jpeg_read_header=no
ac_cv_objext=o
ac_cv_path_CURL_CONFIG=/usr/pkg/bin/curl-config
ac_cv_path_EGREP='/usr/bin/grep -E'
ac_cv_path_FLTK_CONFIG=/usr/pkg/bin/fltk-config
ac_cv_path_GREP=/usr/bin/grep
ac_cv_path_JAM=/usr/pkg/bin/jam
ac_cv_path_PKG_CONFIG=/usr/pkg/bin/pkg-config
ac_cv_path_PYTHON=/usr/pkg/bin/python
ac_cv_prog_CPP='clang -E'
ac_cv_prog_CXXCPP='clang++ -E'
ac_cv_prog_ac_ct_CC=clang
ac_cv_prog_acx_pthread_config=yes
ac_cv_prog_cc_c89=
ac_cv_prog_cc_g=yes
ac_cv_prog_cxx_g=yes

## ----------------- ##
## Output variables. ##
## ----------------- ##

1.1.4
1.3.3'
CC='clang'
CFLAGS='-g -O2'
COMPOSITE_CFLAGS='-D_REENTRANT -I/usr/X11R7/include'
COMPOSITE_LIBS='-L/usr/X11R7/lib -lXcomposite -lXdamage -lXfixes -lXext'
COMPOSITE_VERSION='0.4.4
CPP='clang -E'
CPPFLAGS=''
CURL_CFLAGS='-I/usr/pkg/include'
CURL_CONFIG='/usr/pkg/bin/curl-config'
CURL_LIBS='-L/usr/pkg/lib -Wl,-R/usr/pkg/lib -L/usr/pkg/lib -lcurl -lidn -lssl -lcrypto -L/usr/pkg/lib -lgssapi -lheimntlm -lkrb5 -lhx509 -lcom_err -lcrypto -lasn1 -lwind -lheimbase -lroken -lcrypt -lz'
CXX='clang++'
CXXCPP='clang++ -E'
CXXFLAGS='-g -O2'
DEFS='-DHAVE_CONFIG_H'
ECHO_C=''
ECHO_N='-n'
ECHO_T=''
EDELIB_API_INDEX='/usr/local/share/doc/edelib-2.1.0/html/index.html'
EDELIB_CFLAGS='-I/usr/local/include'
EDELIB_DBUS_CFLAGS='-DDBUS_STATIC_BUILD -I/usr/local/include -I/usr/pkg/include/dbus-1.0 -I/usr/pkg/lib/dbus-1.0/include'
EDELIB_DBUS_LIBS='-L/usr/local/lib -L/usr/pkg/lib -ledelib_dbus -ledelib -ldbus-1'
EDELIB_DBUS_VERSION='2.1.0'
EDELIB_GUI_CFLAGS='-O2 -march=i586 -D_LARGEFILE_SOURCE -D_LARGEFILE64_SOURCE -D_THREAD_SAFE -D_REENTRANT -I/usr/local/include -I/usr/pkg/include -I/usr/X11R7/include/freetype2 -I/usr/pkg/include -I/usr/X11R7/include -I/usr/X11R7/include/libdrm -I/usr/X11R7/include/freetype2 -I/usr/X11R7/include -I/usr/local/include'
EDELIB_GUI_LIBS='-L/usr/local/lib -L/usr/pkg/lib -L/usr/X11R7/lib -L/usr/local/lib -ledelib_gui -lfltk_images -lpng16 -lz -ljpeg -lfltk -lXcursor -lXfixes -lXext -lXft -lfontconfig -lXinerama -lpthread -lm -lX11 -ledelib'
EDELIB_GUI_NO_IMAGES_CFLAGS='-O2 -march=i586 -D_LARGEFILE_SOURCE -D_LARGEFILE64_SOURCE -D_THREAD_SAFE -D_REENTRANT -I/usr/local/include -I/usr/pkg/include -I/usr/X11R7/include/freetype2 -I/usr/pkg/include -I/usr/X11R7/include -I/usr/X11R7/include/libdrm -I/usr/X11R7/include/freetype2 -I/usr/X11R7/include -I/usr/local/include'
EDELIB_GUI_NO_IMAGES_LIBS='-L/usr/local/lib -L/usr/pkg/lib -L/usr/X11R7/lib -L/usr/local/lib -ledelib_gui -lfltk -lXcursor -lXfixes -lXext -lXft -lfontconfig -lXinerama -lpthread -lm -lX11 -ledelib'
EDELIB_GUI_NO_IMAGES_VERSION='2.1.0'
EDELIB_GUI_VERSION='2.1.0'
EDELIB_LIBS='-L/usr/local/lib -ledelib'
EDELIB_VERSION='2.1.0'
EDE_DEBUG_FLAGS=''
EDE_OPTIM_FLAGS=''
EDE_VERSION='2.1.0'
EGREP='/usr/bin/grep -E'
EXEEXT=''
FLTK_CFLAGS='-I/usr/pkg/include -I/usr/X11R7/include/freetype2 -O2 -march=i586 -I/usr/pkg/include -I/usr/X11R7/include -I/usr/X11R7/include/libdrm -I/usr/X11R7/include/freetype2 -I/usr/X11R7/include -D_LARGEFILE_SOURCE -D_LARGEFILE64_SOURCE -D_THREAD_SAFE -D_REENTRANT'
FLTK_CONFIG='/usr/pkg/bin/fltk-config'
FLTK_LIBS='-L/usr/pkg/lib -L/usr/X11R7/lib -L/usr/X11R7/lib -Wl,-R/usr/X11R7/lib -Wl,-R/usr/pkg/lib -lfltk_images -lpng16 -lz -ljpeg -lfltk -lXcursor -lXfixes -lXext -lXft -lfontconfig -lXinerama -lpthread -lm -lX11'
FLTK_LIBS_NOIMAGES='-L/usr/pkg/lib -L/usr/X11R7/lib -L/usr/X11R7/lib -Wl,-R/usr/X11R7/lib -Wl,-R/usr/pkg/lib -lfltk -lXcursor -lXfixes -lXext -lXft -lfontconfig -lXinerama -lpthread -lm -lX11'
GDB=''
GREP='/usr/bin/grep'
HAL_CFLAGS=''
HAL_LIBS=''
HAL_VERSION=''
JAM='/usr/pkg/bin/jam'
KSTAT_LIBS=''
LARGEFILE=''
LDFLAGS=''
LIBOBJS=''
LIBS=''
LIBSTARTUP_NOTIFICATION_CFLAGS=''
LIBSTARTUP_NOTIFICATION_LIBS=''
LIBSTARTUP_NOTIFICATION_VERSION=''
LTLIBOBJS=''
MSGFMT=''
OBJEXT='o'
PACKAGE_BUGREPORT='karijes@users.sourceforge.net'
PACKAGE_NAME='EDE'
PACKAGE_STRING='EDE 2.1.0'
PACKAGE_TARNAME='ede'
PACKAGE_URL=''
PACKAGE_VERSION='2.1.0'
PATH_SEPARATOR=':'
PEKWM_CXXFLAGS=' -I/usr/pkg/include  -I/usr/X11R7/include -D_REENTRANT -I/usr/pkg/include/freetype2 -I/usr/X11R7/include -I/usr/X11R7/include/freetype2 -I/usr/X11R7/include -D_REENTRANT -I/usr/X11R7/include -I/usr/pkg/include/libpng16'
PEKWM_LIBS=' -L/usr/pkg/lib -liconv -lX11 -lXext  -L/usr/X11R7/lib  -L/usr/X11R7/lib -lXft -L/usr/X11R7/lib -lXrandr -L/usr/pkg/lib -lpng16'
PKG_CONFIG='/usr/pkg/bin/pkg-config'
PTHREAD_CC='clang'
PTHREAD_CFLAGS='-I/usr/pkg/include'
PTHREAD_LIBS='-L/usr/pkg/lib -lpthread'
PYTHON='/usr/pkg/bin/python'
SHELL='/bin/sh'
THEME='default-plain'
XGETTEXT=''
XKB_LIBS=' -L/usr/X11R7/lib -lxkbfile'
XMKMF=''
XSHAPE_LIBS=''
X_CFLAGS=' -I/usr/X11R7/include'
X_EXTRA_LIBS=''
X_LIBS=' -L/usr/X11R7/lib'
X_PRE_LIBS=' -lSM -lICE'
ac_ct_CC='clang'
ac_ct_CXX=''
acx_pthread_config='yes'
bindir='$(exec_prefix)/bin'
build_alias=''
datadir='$(datarootdir)'
datarootdir='$(prefix)/share'
docdir='${datarootdir}/doc/${PACKAGE_TARNAME}'
dvidir='${docdir}'
exec_prefix='$(prefix)'
host_alias=''
htmldir='${docdir}'
includedir='$(prefix)/include'
infodir='$(datarootdir)/info'
libdir='$(exec_prefix)/lib'
libexecdir='$(exec_prefix)/libexec'
libpng12_CFLAGS=''
libpng12_LIBS=''
libpng12_VERSION=''
libpng_CFLAGS='-I/usr/pkg/include/libpng16'
libpng_LIBS='-L/usr/pkg/lib -lpng16'
libpng_VERSION='1.6.25'
localedir='${datarootdir}/locale'
localstatedir='$(prefix)/var'
mandir='$(datarootdir)/man'
my_sysconfdir='/usr/local/etc'
oldincludedir='/usr/include'
pdfdir='${docdir}'
prefix='/usr/local'
program_transform_name='s,x,x,'
psdir='${docdir}'
sbindir='$(exec_prefix)/sbin'
sharedstatedir='$(prefix)/com'
sysconfdir='$(prefix)/etc'
target_alias=''
xft_CFLAGS='-D_REENTRANT -I/usr/pkg/include/freetype2 -I/usr/X11R7/include -I/usr/X11R7/include/freetype2 -I/usr/X11R7/include'
xft_LIBS='-L/usr/X11R7/lib -lXft'
xft_VERSION='2.3.2'
xrandr_CFLAGS='-D_REENTRANT -I/usr/X11R7/include'
xrandr_LIBS='-L/usr/X11R7/lib -lXrandr'
xrandr_VERSION='1.5.0'

## ----------- ##
## confdefs.h. ##
## ----------- ##

/* confdefs.h */
#define PACKAGE_NAME "EDE"
#define PACKAGE_TARNAME "ede"
#define PACKAGE_VERSION "2.1.0"
#define PACKAGE_STRING "EDE 2.1.0"
#define PACKAGE_BUGREPORT "karijes@users.sourceforge.net"
#define PACKAGE_URL ""
#define PREFIX "/usr/local"
#define STDC_HEADERS 1
#define HAVE_SETGROUPS 1
#define HAVE_ASPRINTF 1
#define HAVE_SETENV 1
#define HAVE_WCSNCMP 1
#define HAVE_GETTIMEOFDAY 1
#define HAVE_LOCALTIME_R 1
#define HAVE_GMTIME_R 1
#define HAVE_STRCASECMP 1
#define HAVE_SYS_TYPES_H 1
#define HAVE_SYS_STAT_H 1
#define HAVE_STDLIB_H 1
#define HAVE_STRING_H 1
#define HAVE_MEMORY_H 1
#define HAVE_STRINGS_H 1
#define HAVE_INTTYPES_H 1
#define HAVE_STDINT_H 1
#define HAVE_UNISTD_H 1
#define HAVE_COMPOSITE 1
#define HAVE_CURL 1
#define HAVE_PTHREAD 1
#define HAVE_XKBRULES 1
#define ICONV_CONST 1
#define HAVE_XFT 1
#define HAVE_XRANDR 1
#define STDC_HEADERS 1
#define HAVE_LIMITS 1
#define HAVE_SETENV 1
#define HAVE_UNSETENV 1
#define HAVE_SWPRINTF 1
#define HAVE_TIMERSUB 1
#define HAVE_IMAGE_PNG 1
#define OPACITY 1
#define FEATURES " Xft Xrandr image-png"
#define EXTRA_VERSION_INFO " Built on Mon Sep  8 12:10:48 PDT 2025"

configure: exit 0
