This file contains any messages produced by compilers while
running configure, to aid debugging if configure makes a mistake.

It was created by edelib configure 2.1.0, which was
generated by GNU Autoconf 2.69.  Invocation command line was

  $ ./configure 

## --------- ##
## Platform. ##
## --------- ##

hostname = JP-MINIX3
uname -m = i386
uname -r = 3.4.0
uname -s = Minix
uname -v = Minix 3.4.0 (GENERIC)

/usr/bin/uname -p = i386
/bin/uname -X     = unknown

/bin/arch              = unknown
/usr/bin/arch -k       = unknown
/usr/convex/getsysinfo = unknown
/usr/bin/hostinfo      = unknown
/bin/machine           = unknown
/usr/bin/oslevel       = unknown
/bin/universe          = unknown

PATH: /sbin
PATH: /usr/sbin
PATH: /bin
PATH: /usr/bin
PATH: /usr/pkg/sbin
PATH: /usr/pkg/bin
PATH: /usr/X11R7/bin
PATH: /usr/X11R6/bin
PATH: /usr/local/sbin
PATH: /usr/local/bin


## ----------- ##
## Core tests. ##
## ----------- ##

configure:2267: checking for gcc
configure:2297: result: no
configure:2360: checking for cc
configure:2381: found /usr/bin/cc
configure:2404: result: cc
configure:2523: checking for C compiler version
configure:2532: cc --version >&5
clang version 3.6 (branches/release_36 237755)
Target: i386-elf32-minix
Thread model: posix
configure:2543: $? = 0
configure:2532: cc -v >&5
clang version 3.6 (branches/release_36 237755)
Target: i386-elf32-minix
Thread model: posix
configure:2543: $? = 0
configure:2532: cc -V >&5
clang: error: argument to '-V' is missing (expected 1 value)
clang: error: no input files
configure:2543: $? = 1
configure:2532: cc -qversion >&5
clang: error: unknown argument: '-qversion'
clang: error: no input files
configure:2543: $? = 1
configure:2563: checking whether the C compiler works
configure:2585: cc    conftest.c  >&5
configure:2589: $? = 0
configure:2637: result: yes
configure:2640: checking for C compiler default output file name
configure:2642: result: a.out
configure:2648: checking for suffix of executables
configure:2655: cc -o conftest    conftest.c  >&5
configure:2659: $? = 0
configure:2681: result: 
configure:2703: checking whether we are cross compiling
configure:2711: cc -o conftest    conftest.c  >&5
configure:2715: $? = 0
configure:2722: ./conftest
configure:2726: $? = 0
configure:2741: result: no
configure:2746: checking for suffix of object files
configure:2768: cc -c   conftest.c >&5
configure:2772: $? = 0
configure:2793: result: o
configure:2797: checking whether we are using the GNU C compiler
configure:2816: cc -c   conftest.c >&5
configure:2816: $? = 0
configure:2825: result: yes
configure:2834: checking whether cc accepts -g
configure:2854: cc -c -g  conftest.c >&5
configure:2854: $? = 0
configure:2895: result: yes
configure:2912: checking for cc option to accept ISO C89
configure:2975: cc  -c -g -O2  conftest.c >&5
configure:2975: $? = 0
configure:2988: result: none needed
configure:3066: checking for g++
configure:3096: result: no
configure:3066: checking for c++
configure:3082: found /usr/bin/c++
configure:3093: result: c++
configure:3120: checking for C++ compiler version
configure:3129: c++ --version >&5
clang version 3.6 (branches/release_36 237755)
Target: i386-elf32-minix
Thread model: posix
configure:3140: $? = 0
configure:3129: c++ -v >&5
clang version 3.6 (branches/release_36 237755)
Target: i386-elf32-minix
Thread model: posix
configure:3140: $? = 0
configure:3129: c++ -V >&5
clang: error: argument to '-V' is missing (expected 1 value)
clang: error: no input files
configure:3140: $? = 1
configure:3129: c++ -qversion >&5
clang: error: unknown argument: '-qversion'
clang: error: no input files
configure:3140: $? = 1
configure:3144: checking whether we are using the GNU C++ compiler
configure:3163: c++ -c   conftest.cpp >&5
configure:3163: $? = 0
configure:3172: result: yes
configure:3181: checking whether c++ accepts -g
configure:3201: c++ -c -g  conftest.cpp >&5
configure:3201: $? = 0
configure:3242: result: yes
configure:3265: checking whether ln -s works
configure:3269: result: yes
configure:3278: checking for sed
configure:3296: found /usr/bin/sed
configure:3308: result: /usr/bin/sed
configure:3318: checking for msgfmt
configure:3351: result: no
configure:3358: checking for xgettext
configure:3391: result: no
configure:3398: checking for doxygen
configure:3431: result: no
configure:3439: checking for jam
configure:3457: found /usr/pkg/bin/jam
configure:3469: result: /usr/pkg/bin/jam
configure:3479: checking for jam version
configure:3488: result: 2.5.2  (ok)
configure:3498: checking if your jam is broken
configure:3517: result: it is fine
configure:3526: checking for compiler vendor
configure:3546: cc -c -g -O2  conftest.c >&5
conftest.c:12:11: fatal error: 'error: this is not SunStudio.' file not found
# include "error: this is not SunStudio."
          ^
1 error generated.
configure:3546: $? = 1
configure: failed program was:
| /* confdefs.h */
| #define PACKAGE_NAME "edelib"
| #define PACKAGE_TARNAME "edelib"
| #define PACKAGE_VERSION "2.1.0"
| #define PACKAGE_STRING "edelib 2.1.0"
| #define PACKAGE_BUGREPORT "karijes@users.sourceforge.net"
| #define PACKAGE_URL ""
| /* end confdefs.h.  */
| 
| #if defined(__SUNPRO_C) || (__SUNPRO_CC)
| # else
| # include "error: this is not SunStudio."
| #endif
| 
| int
| main ()
| {
| 
|   ;
|   return 0;
| }
configure:3567: cc -c -g -O2  conftest.c >&5
conftest.c:12:11: fatal error: 'error: this is not IntelCC.' file not found
# include "error: this is not IntelCC."
          ^
1 error generated.
configure:3567: $? = 1
configure: failed program was:
| /* confdefs.h */
| #define PACKAGE_NAME "edelib"
| #define PACKAGE_TARNAME "edelib"
| #define PACKAGE_VERSION "2.1.0"
| #define PACKAGE_STRING "edelib 2.1.0"
| #define PACKAGE_BUGREPORT "karijes@users.sourceforge.net"
| #define PACKAGE_URL ""
| /* end confdefs.h.  */
| 
| #if defined(__INTEL_COMPILER) || (__ICC) || (__ECC)
| # else
| # include "error: this is not IntelCC."
| #endif
| 
| int
| main ()
| {
| 
|   ;
|   return 0;
| }
configure:3588: cc -c -g -O2  conftest.c >&5
configure:3588: $? = 0
configure:3593: result: gcc
configure:3606: checking for ISO cpp varargs
configure:3623: c++ -c -g -O2  conftest.cpp >&5
configure:3623: $? = 0
configure:3631: result: yes
configure:3643: checking whether C++ compiler supports 
configure:3656: c++ -c -g -O2 -Wno-variadic-macros  conftest.cpp >&5
configure:3656: $? = 0
configure:3664: result: yes
configure:3759: checking how to run the C preprocessor
configure:3790: cc -E  conftest.c
configure:3790: $? = 0
configure:3804: cc -E  conftest.c
conftest.c:10:10: fatal error: 'ac_nonexistent.h' file not found
#include <ac_nonexistent.h>
         ^
1 error generated.
configure:3804: $? = 1
configure: failed program was:
| /* confdefs.h */
| #define PACKAGE_NAME "edelib"
| #define PACKAGE_TARNAME "edelib"
| #define PACKAGE_VERSION "2.1.0"
| #define PACKAGE_STRING "edelib 2.1.0"
| #define PACKAGE_BUGREPORT "karijes@users.sourceforge.net"
| #define PACKAGE_URL ""
| #define HAVE_ISO_VARARGS 1
| /* end confdefs.h.  */
| #include <ac_nonexistent.h>
configure:3829: result: cc -E
configure:3849: cc -E  conftest.c
configure:3849: $? = 0
configure:3863: cc -E  conftest.c
conftest.c:10:10: fatal error: 'ac_nonexistent.h' file not found
#include <ac_nonexistent.h>
         ^
1 error generated.
configure:3863: $? = 1
configure: failed program was:
| /* confdefs.h */
| #define PACKAGE_NAME "edelib"
| #define PACKAGE_TARNAME "edelib"
| #define PACKAGE_VERSION "2.1.0"
| #define PACKAGE_STRING "edelib 2.1.0"
| #define PACKAGE_BUGREPORT "karijes@users.sourceforge.net"
| #define PACKAGE_URL ""
| #define HAVE_ISO_VARARGS 1
| /* end confdefs.h.  */
| #include <ac_nonexistent.h>
configure:3892: checking for grep that handles long lines and -e
configure:3950: result: /usr/bin/grep
configure:3955: checking for egrep
configure:4017: result: /usr/bin/grep -E
configure:4022: checking for ANSI C header files
configure:4042: cc -c -DHAVE_CONFIG_H   conftest.c >&5
configure:4042: $? = 0
configure:4115: cc -o conftest -DHAVE_CONFIG_H    conftest.c  >&5
configure:4115: $? = 0
configure:4115: ./conftest
configure:4115: $? = 0
configure:4126: result: yes
configure:4139: checking for sys/types.h
configure:4139: cc -c -DHAVE_CONFIG_H   conftest.c >&5
configure:4139: $? = 0
configure:4139: result: yes
configure:4139: checking for sys/stat.h
configure:4139: cc -c -DHAVE_CONFIG_H   conftest.c >&5
configure:4139: $? = 0
configure:4139: result: yes
configure:4139: checking for stdlib.h
configure:4139: cc -c -DHAVE_CONFIG_H   conftest.c >&5
configure:4139: $? = 0
configure:4139: result: yes
configure:4139: checking for string.h
configure:4139: cc -c -DHAVE_CONFIG_H   conftest.c >&5
configure:4139: $? = 0
configure:4139: result: yes
configure:4139: checking for memory.h
configure:4139: cc -c -DHAVE_CONFIG_H   conftest.c >&5
configure:4139: $? = 0
configure:4139: result: yes
configure:4139: checking for strings.h
configure:4139: cc -c -DHAVE_CONFIG_H   conftest.c >&5
configure:4139: $? = 0
configure:4139: result: yes
configure:4139: checking for inttypes.h
configure:4139: cc -c -DHAVE_CONFIG_H   conftest.c >&5
configure:4139: $? = 0
configure:4139: result: yes
configure:4139: checking for stdint.h
configure:4139: cc -c -DHAVE_CONFIG_H   conftest.c >&5
configure:4139: $? = 0
configure:4139: result: yes
configure:4139: checking for unistd.h
configure:4139: cc -c -DHAVE_CONFIG_H   conftest.c >&5
configure:4139: $? = 0
configure:4139: result: yes
configure:4151: checking for string.h
configure:4151: result: yes
configure:4159: checking for snprintf
configure:4159: cc -o conftest -DHAVE_CONFIG_H    conftest.c  >&5
conftest.c:44:6: warning: incompatible redeclaration of library function 'snprintf' [-Wincompatible-library-redeclaration]
char snprintf ();
     ^
conftest.c:44:6: note: 'snprintf' is a builtin with type 'int (char *, unsigned int, const char *, ...)'
1 warning generated.
configure:4159: $? = 0
configure:4159: result: yes
configure:4166: checking for vsnprintf
configure:4166: cc -o conftest -DHAVE_CONFIG_H    conftest.c  >&5
conftest.c:45:6: warning: incompatible redeclaration of library function 'vsnprintf' [-Wincompatible-library-redeclaration]
char vsnprintf ();
     ^
conftest.c:45:6: note: 'vsnprintf' is a builtin with type 'int (char *, unsigned int, const char *, __builtin_va_list)'
1 warning generated.
configure:4166: $? = 0
configure:4166: result: yes
configure:4174: checking for unsetenv
configure:4174: cc -o conftest -DHAVE_CONFIG_H    conftest.c  >&5
configure:4174: $? = 0
configure:4174: result: yes
configure:4182: checking for grantpt
configure:4182: cc -o conftest -DHAVE_CONFIG_H    conftest.c  >&5
configure:4182: $? = 0
configure:4182: result: yes
configure:4189: checking for ptsname
configure:4189: cc -o conftest -DHAVE_CONFIG_H    conftest.c  >&5
configure:4189: $? = 0
configure:4189: result: yes
configure:4196: checking for unlockpt
configure:4196: cc -o conftest -DHAVE_CONFIG_H    conftest.c  >&5
configure:4196: $? = 0
configure:4196: result: yes
configure:4203: checking for _getpty
configure:4203: cc -o conftest -DHAVE_CONFIG_H    conftest.c  >&5
/var/tmp/conftest-d7ffca.o: In function `main':
conftest.c:(.text+0xc): undefined reference to `_getpty'
clang: error: linker command failed with exit code 1 (use -v to see invocation)
configure:4203: $? = 1
configure: failed program was:
| /* confdefs.h */
| #define PACKAGE_NAME "edelib"
| #define PACKAGE_TARNAME "edelib"
| #define PACKAGE_VERSION "2.1.0"
| #define PACKAGE_STRING "edelib 2.1.0"
| #define PACKAGE_BUGREPORT "karijes@users.sourceforge.net"
| #define PACKAGE_URL ""
| #define HAVE_ISO_VARARGS 1
| #define STDC_HEADERS 1
| #define HAVE_SYS_TYPES_H 1
| #define HAVE_SYS_STAT_H 1
| #define HAVE_STDLIB_H 1
| #define HAVE_STRING_H 1
| #define HAVE_MEMORY_H 1
| #define HAVE_STRINGS_H 1
| #define HAVE_INTTYPES_H 1
| #define HAVE_STDINT_H 1
| #define HAVE_UNISTD_H 1
| #define HAVE_STRING_H 1
| #define HAVE_SNPRINTF 1
| #define HAVE_VSNPRINTF 1
| #define HAVE_UNSETENV 1
| #define HAVE_GRANTPT 1
| #define HAVE_PTSNAME 1
| #define HAVE_UNLOCKPT 1
| /* end confdefs.h.  */
| /* Define _getpty to an innocuous variant, in case <limits.h> declares _getpty.
|    For example, HP-UX 11i <limits.h> declares gettimeofday.  */
| #define _getpty innocuous__getpty
| 
| /* System header to define __stub macros and hopefully few prototypes,
|     which can conflict with char _getpty (); below.
|     Prefer <limits.h> to <assert.h> if __STDC__ is defined, since
|     <limits.h> exists even on freestanding compilers.  */
| 
| #ifdef __STDC__
| # include <limits.h>
| #else
| # include <assert.h>
| #endif
| 
| #undef _getpty
| 
| /* Override any GCC internal prototype to avoid an error.
|    Use char because int might match the return type of a GCC
|    builtin and then its argument prototype would still apply.  */
| #ifdef __cplusplus
| extern "C"
| #endif
| char _getpty ();
| /* The GNU C library defines this for functions which it implements
|     to always fail with ENOSYS.  Some functions are actually named
|     something starting with __ and the normal name is an alias.  */
| #if defined __stub__getpty || defined __stub____getpty
| choke me
| #endif
| 
| int
| main ()
| {
| return _getpty ();
|   ;
|   return 0;
| }
configure:4203: result: no
configure:4210: checking pty.h usability
configure:4210: cc -c -DHAVE_CONFIG_H   conftest.c >&5
conftest.c:60:10: fatal error: 'pty.h' file not found
#include <pty.h>
         ^
1 error generated.
configure:4210: $? = 1
configure: failed program was:
| /* confdefs.h */
| #define PACKAGE_NAME "edelib"
| #define PACKAGE_TARNAME "edelib"
| #define PACKAGE_VERSION "2.1.0"
| #define PACKAGE_STRING "edelib 2.1.0"
| #define PACKAGE_BUGREPORT "karijes@users.sourceforge.net"
| #define PACKAGE_URL ""
| #define HAVE_ISO_VARARGS 1
| #define STDC_HEADERS 1
| #define HAVE_SYS_TYPES_H 1
| #define HAVE_SYS_STAT_H 1
| #define HAVE_STDLIB_H 1
| #define HAVE_STRING_H 1
| #define HAVE_MEMORY_H 1
| #define HAVE_STRINGS_H 1
| #define HAVE_INTTYPES_H 1
| #define HAVE_STDINT_H 1
| #define HAVE_UNISTD_H 1
| #define HAVE_STRING_H 1
| #define HAVE_SNPRINTF 1
| #define HAVE_VSNPRINTF 1
| #define HAVE_UNSETENV 1
| #define HAVE_GRANTPT 1
| #define HAVE_PTSNAME 1
| #define HAVE_UNLOCKPT 1
| /* end confdefs.h.  */
| #include <stdio.h>
| #ifdef HAVE_SYS_TYPES_H
| # include <sys/types.h>
| #endif
| #ifdef HAVE_SYS_STAT_H
| # include <sys/stat.h>
| #endif
| #ifdef STDC_HEADERS
| # include <stdlib.h>
| # include <stddef.h>
| #else
| # ifdef HAVE_STDLIB_H
| #  include <stdlib.h>
| # endif
| #endif
| #ifdef HAVE_STRING_H
| # if !defined STDC_HEADERS && defined HAVE_MEMORY_H
| #  include <memory.h>
| # endif
| # include <string.h>
| #endif
| #ifdef HAVE_STRINGS_H
| # include <strings.h>
| #endif
| #ifdef HAVE_INTTYPES_H
| # include <inttypes.h>
| #endif
| #ifdef HAVE_STDINT_H
| # include <stdint.h>
| #endif
| #ifdef HAVE_UNISTD_H
| # include <unistd.h>
| #endif
| #include <pty.h>
configure:4210: result: no
configure:4210: checking pty.h presence
configure:4210: cc -E  conftest.c
conftest.c:27:10: fatal error: 'pty.h' file not found
#include <pty.h>
         ^
1 error generated.
configure:4210: $? = 1
configure: failed program was:
| /* confdefs.h */
| #define PACKAGE_NAME "edelib"
| #define PACKAGE_TARNAME "edelib"
| #define PACKAGE_VERSION "2.1.0"
| #define PACKAGE_STRING "edelib 2.1.0"
| #define PACKAGE_BUGREPORT "karijes@users.sourceforge.net"
| #define PACKAGE_URL ""
| #define HAVE_ISO_VARARGS 1
| #define STDC_HEADERS 1
| #define HAVE_SYS_TYPES_H 1
| #define HAVE_SYS_STAT_H 1
| #define HAVE_STDLIB_H 1
| #define HAVE_STRING_H 1
| #define HAVE_MEMORY_H 1
| #define HAVE_STRINGS_H 1
| #define HAVE_INTTYPES_H 1
| #define HAVE_STDINT_H 1
| #define HAVE_UNISTD_H 1
| #define HAVE_STRING_H 1
| #define HAVE_SNPRINTF 1
| #define HAVE_VSNPRINTF 1
| #define HAVE_UNSETENV 1
| #define HAVE_GRANTPT 1
| #define HAVE_PTSNAME 1
| #define HAVE_UNLOCKPT 1
| /* end confdefs.h.  */
| #include <pty.h>
configure:4210: result: no
configure:4210: checking for pty.h
configure:4210: result: no
configure:4218: checking libutil.h usability
configure:4218: cc -c -DHAVE_CONFIG_H   conftest.c >&5
configure:4218: $? = 0
configure:4218: result: yes
configure:4218: checking libutil.h presence
configure:4218: cc -E  conftest.c
configure:4218: $? = 0
configure:4218: result: yes
configure:4218: checking for libutil.h
configure:4218: result: yes
configure:4226: checking util.h usability
configure:4226: cc -c -DHAVE_CONFIG_H   conftest.c >&5
configure:4226: $? = 0
configure:4226: result: yes
configure:4226: checking util.h presence
configure:4226: cc -E  conftest.c
configure:4226: $? = 0
configure:4226: result: yes
configure:4226: checking for util.h
configure:4226: result: yes
configure:4235: checking for mmap
configure:4235: cc -o conftest -DHAVE_CONFIG_H    conftest.c  >&5
configure:4235: $? = 0
configure:4235: result: yes
configure:4244: checking for gmtime_r
configure:4244: cc -o conftest -DHAVE_CONFIG_H    conftest.c  >&5
configure:4244: $? = 0
configure:4244: result: yes
configure:4257: checking for localtime_r
configure:4257: cc -o conftest -DHAVE_CONFIG_H    conftest.c  >&5
configure:4257: $? = 0
configure:4257: result: yes
configure:4270: checking for settimeofday
configure:4270: cc -o conftest -DHAVE_CONFIG_H    conftest.c  >&5
configure:4270: $? = 0
configure:4270: result: yes
configure:4283: checking for stime
configure:4283: cc -o conftest -DHAVE_CONFIG_H    conftest.c  >&5
configure:4283: $? = 0
configure:4283: result: yes
configure:4296: checking for daylight variable
configure:4321: cc -o conftest -DHAVE_CONFIG_H    conftest.c  >&5
configure:4321: $? = 0
configure:4339: result: yes
configure:4346: checking for X
configure:4454: cc -E  conftest.c
conftest.c:35:10: fatal error: 'X11/Xlib.h' file not found
#include <X11/Xlib.h>
         ^
1 error generated.
configure:4454: $? = 1
configure: failed program was:
| /* confdefs.h */
| #define PACKAGE_NAME "edelib"
| #define PACKAGE_TARNAME "edelib"
| #define PACKAGE_VERSION "2.1.0"
| #define PACKAGE_STRING "edelib 2.1.0"
| #define PACKAGE_BUGREPORT "karijes@users.sourceforge.net"
| #define PACKAGE_URL ""
| #define HAVE_ISO_VARARGS 1
| #define STDC_HEADERS 1
| #define HAVE_SYS_TYPES_H 1
| #define HAVE_SYS_STAT_H 1
| #define HAVE_STDLIB_H 1
| #define HAVE_STRING_H 1
| #define HAVE_MEMORY_H 1
| #define HAVE_STRINGS_H 1
| #define HAVE_INTTYPES_H 1
| #define HAVE_STDINT_H 1
| #define HAVE_UNISTD_H 1
| #define HAVE_STRING_H 1
| #define HAVE_SNPRINTF 1
| #define HAVE_VSNPRINTF 1
| #define HAVE_UNSETENV 1
| #define HAVE_GRANTPT 1
| #define HAVE_PTSNAME 1
| #define HAVE_UNLOCKPT 1
| #define HAVE_LIBUTIL_H 1
| #define HAVE_UTIL_H 1
| #define HAVE_MMAP 1
| #define HAVE_GMTIME_R 1
| #define HAVE_LOCALTIME_R 1
| #define HAVE_SETTIMEOFDAY 1
| #define HAVE_STIME 1
| #define HAVE_DAYLIGHT 1
| /* end confdefs.h.  */
| #include <X11/Xlib.h>
configure:4485: cc -o conftest -DHAVE_CONFIG_H    conftest.c -lX11  >&5
conftest.c:35:10: fatal error: 'X11/Xlib.h' file not found
#include <X11/Xlib.h>
         ^
1 error generated.
configure:4485: $? = 1
configure: failed program was:
| /* confdefs.h */
| #define PACKAGE_NAME "edelib"
| #define PACKAGE_TARNAME "edelib"
| #define PACKAGE_VERSION "2.1.0"
| #define PACKAGE_STRING "edelib 2.1.0"
| #define PACKAGE_BUGREPORT "karijes@users.sourceforge.net"
| #define PACKAGE_URL ""
| #define HAVE_ISO_VARARGS 1
| #define STDC_HEADERS 1
| #define HAVE_SYS_TYPES_H 1
| #define HAVE_SYS_STAT_H 1
| #define HAVE_STDLIB_H 1
| #define HAVE_STRING_H 1
| #define HAVE_MEMORY_H 1
| #define HAVE_STRINGS_H 1
| #define HAVE_INTTYPES_H 1
| #define HAVE_STDINT_H 1
| #define HAVE_UNISTD_H 1
| #define HAVE_STRING_H 1
| #define HAVE_SNPRINTF 1
| #define HAVE_VSNPRINTF 1
| #define HAVE_UNSETENV 1
| #define HAVE_GRANTPT 1
| #define HAVE_PTSNAME 1
| #define HAVE_UNLOCKPT 1
| #define HAVE_LIBUTIL_H 1
| #define HAVE_UTIL_H 1
| #define HAVE_MMAP 1
| #define HAVE_GMTIME_R 1
| #define HAVE_LOCALTIME_R 1
| #define HAVE_SETTIMEOFDAY 1
| #define HAVE_STIME 1
| #define HAVE_DAYLIGHT 1
| /* end confdefs.h.  */
| #include <X11/Xlib.h>
| int
| main ()
| {
| XrmInitialize ()
|   ;
|   return 0;
| }
configure:4535: result: libraries /usr/X11R7/lib, headers /usr/X11R7/include
configure:4556: checking whether -R must be followed by a space
configure:4572: cc -o conftest -DHAVE_CONFIG_H    conftest.c  -R/usr/X11R7/lib >&5
warning: unknown remark option '-R/usr/X11R7/lib'; did you mean '-Rpass-analysis'? [-Wunknown-warning-option]
1 warning generated.
configure:4572: $? = 0
configure: failed program was:
| /* confdefs.h */
| #define PACKAGE_NAME "edelib"
| #define PACKAGE_TARNAME "edelib"
| #define PACKAGE_VERSION "2.1.0"
| #define PACKAGE_STRING "edelib 2.1.0"
| #define PACKAGE_BUGREPORT "karijes@users.sourceforge.net"
| #define PACKAGE_URL ""
| #define HAVE_ISO_VARARGS 1
| #define STDC_HEADERS 1
| #define HAVE_SYS_TYPES_H 1
| #define HAVE_SYS_STAT_H 1
| #define HAVE_STDLIB_H 1
| #define HAVE_STRING_H 1
| #define HAVE_MEMORY_H 1
| #define HAVE_STRINGS_H 1
| #define HAVE_INTTYPES_H 1
| #define HAVE_STDINT_H 1
| #define HAVE_UNISTD_H 1
| #define HAVE_STRING_H 1
| #define HAVE_SNPRINTF 1
| #define HAVE_VSNPRINTF 1
| #define HAVE_UNSETENV 1
| #define HAVE_GRANTPT 1
| #define HAVE_PTSNAME 1
| #define HAVE_UNLOCKPT 1
| #define HAVE_LIBUTIL_H 1
| #define HAVE_UTIL_H 1
| #define HAVE_MMAP 1
| #define HAVE_GMTIME_R 1
| #define HAVE_LOCALTIME_R 1
| #define HAVE_SETTIMEOFDAY 1
| #define HAVE_STIME 1
| #define HAVE_DAYLIGHT 1
| /* end confdefs.h.  */
| 
| int
| main ()
| {
| 
|   ;
|   return 0;
| }
configure:4589: cc -o conftest -DHAVE_CONFIG_H    conftest.c  -R /usr/X11R7/lib >&5
warning: unknown remark option '-R' [-Wunknown-warning-option]
1 warning generated.
/usr/X11R7/lib: file not recognized: File format not recognized
clang: error: linker command failed with exit code 1 (use -v to see invocation)
configure:4589: $? = 1
configure: failed program was:
| /* confdefs.h */
| #define PACKAGE_NAME "edelib"
| #define PACKAGE_TARNAME "edelib"
| #define PACKAGE_VERSION "2.1.0"
| #define PACKAGE_STRING "edelib 2.1.0"
| #define PACKAGE_BUGREPORT "karijes@users.sourceforge.net"
| #define PACKAGE_URL ""
| #define HAVE_ISO_VARARGS 1
| #define STDC_HEADERS 1
| #define HAVE_SYS_TYPES_H 1
| #define HAVE_SYS_STAT_H 1
| #define HAVE_STDLIB_H 1
| #define HAVE_STRING_H 1
| #define HAVE_MEMORY_H 1
| #define HAVE_STRINGS_H 1
| #define HAVE_INTTYPES_H 1
| #define HAVE_STDINT_H 1
| #define HAVE_UNISTD_H 1
| #define HAVE_STRING_H 1
| #define HAVE_SNPRINTF 1
| #define HAVE_VSNPRINTF 1
| #define HAVE_UNSETENV 1
| #define HAVE_GRANTPT 1
| #define HAVE_PTSNAME 1
| #define HAVE_UNLOCKPT 1
| #define HAVE_LIBUTIL_H 1
| #define HAVE_UTIL_H 1
| #define HAVE_MMAP 1
| #define HAVE_GMTIME_R 1
| #define HAVE_LOCALTIME_R 1
| #define HAVE_SETTIMEOFDAY 1
| #define HAVE_STIME 1
| #define HAVE_DAYLIGHT 1
| /* end confdefs.h.  */
| 
| int
| main ()
| {
| 
|   ;
|   return 0;
| }
configure:4594: result: neither works
configure:4635: cc -o conftest -DHAVE_CONFIG_H    conftest.c   -L/usr/X11R7/lib -lX11 >&5
configure:4635: $? = 0
configure:4733: checking for gethostbyname
configure:4733: cc -o conftest -DHAVE_CONFIG_H    conftest.c  >&5
configure:4733: $? = 0
configure:4733: result: yes
configure:4830: checking for connect
configure:4830: cc -o conftest -DHAVE_CONFIG_H    conftest.c  >&5
configure:4830: $? = 0
configure:4830: result: yes
configure:4879: checking for remove
configure:4879: cc -o conftest -DHAVE_CONFIG_H    conftest.c  >&5
configure:4879: $? = 0
configure:4879: result: yes
configure:4928: checking for shmat
configure:4928: cc -o conftest -DHAVE_CONFIG_H    conftest.c  >&5
configure:4928: $? = 0
configure:4928: result: yes
configure:4986: checking for IceConnectionNumber in -lICE
configure:5011: cc -o conftest -DHAVE_CONFIG_H    -L/usr/X11R7/lib conftest.c -lICE   >&5
configure:5011: $? = 0
configure:5020: result: yes
configure:5078: c++ -c  -I/usr/X11R7/include -pedantic  conftest.cpp >&5
In file included from conftest.cpp:36:
In file included from /usr/X11R7/include/X11/Xproto.h:72:
/usr/X11R7/include/X11/Xmd.h:110:18: warning: 'long long' is a C++11 extension [-Wc++11-long-long]
typedef unsigned long long CARD64;
                 ^
1 warning generated.
configure:5078: $? = 0
configure:5187: checking for inotify presence
configure:5213: cc -c -DHAVE_CONFIG_H   conftest.c >&5
conftest.c:36:12: fatal error: 'sys/inotify.h' file not found
                #include <sys/inotify.h>
                         ^
1 error generated.
configure:5213: $? = 1
configure: failed program was:
| /* confdefs.h */
| #define PACKAGE_NAME "edelib"
| #define PACKAGE_TARNAME "edelib"
| #define PACKAGE_VERSION "2.1.0"
| #define PACKAGE_STRING "edelib 2.1.0"
| #define PACKAGE_BUGREPORT "karijes@users.sourceforge.net"
| #define PACKAGE_URL ""
| #define HAVE_ISO_VARARGS 1
| #define STDC_HEADERS 1
| #define HAVE_SYS_TYPES_H 1
| #define HAVE_SYS_STAT_H 1
| #define HAVE_STDLIB_H 1
| #define HAVE_STRING_H 1
| #define HAVE_MEMORY_H 1
| #define HAVE_STRINGS_H 1
| #define HAVE_INTTYPES_H 1
| #define HAVE_STDINT_H 1
| #define HAVE_UNISTD_H 1
| #define HAVE_STRING_H 1
| #define HAVE_SNPRINTF 1
| #define HAVE_VSNPRINTF 1
| #define HAVE_UNSETENV 1
| #define HAVE_GRANTPT 1
| #define HAVE_PTSNAME 1
| #define HAVE_UNLOCKPT 1
| #define HAVE_LIBUTIL_H 1
| #define HAVE_UTIL_H 1
| #define HAVE_MMAP 1
| #define HAVE_GMTIME_R 1
| #define HAVE_LOCALTIME_R 1
| #define HAVE_SETTIMEOFDAY 1
| #define HAVE_STIME 1
| #define HAVE_DAYLIGHT 1
| /* end confdefs.h.  */
| 
| 		#include <sys/inotify.h>
| 		#include <unistd.h>
| 
| int
| main ()
| {
| 
| 		inotify_init();
| 
|   ;
|   return 0;
| }
configure:5233: result: no
configure:5240: checking for FAM presence
configure:5265: cc -c -DHAVE_CONFIG_H   conftest.c >&5
conftest.c:36:12: fatal error: 'fam.h' file not found
                #include <fam.h>
                         ^
1 error generated.
configure:5265: $? = 1
configure: failed program was:
| /* confdefs.h */
| #define PACKAGE_NAME "edelib"
| #define PACKAGE_TARNAME "edelib"
| #define PACKAGE_VERSION "2.1.0"
| #define PACKAGE_STRING "edelib 2.1.0"
| #define PACKAGE_BUGREPORT "karijes@users.sourceforge.net"
| #define PACKAGE_URL ""
| #define HAVE_ISO_VARARGS 1
| #define STDC_HEADERS 1
| #define HAVE_SYS_TYPES_H 1
| #define HAVE_SYS_STAT_H 1
| #define HAVE_STDLIB_H 1
| #define HAVE_STRING_H 1
| #define HAVE_MEMORY_H 1
| #define HAVE_STRINGS_H 1
| #define HAVE_INTTYPES_H 1
| #define HAVE_STDINT_H 1
| #define HAVE_UNISTD_H 1
| #define HAVE_STRING_H 1
| #define HAVE_SNPRINTF 1
| #define HAVE_VSNPRINTF 1
| #define HAVE_UNSETENV 1
| #define HAVE_GRANTPT 1
| #define HAVE_PTSNAME 1
| #define HAVE_UNLOCKPT 1
| #define HAVE_LIBUTIL_H 1
| #define HAVE_UTIL_H 1
| #define HAVE_MMAP 1
| #define HAVE_GMTIME_R 1
| #define HAVE_LOCALTIME_R 1
| #define HAVE_SETTIMEOFDAY 1
| #define HAVE_STIME 1
| #define HAVE_DAYLIGHT 1
| /* end confdefs.h.  */
| 
| 		#include <fam.h>
| 
| int
| main ()
| {
| 
| 		FAMEvent event;
| 
|   ;
|   return 0;
| }
configure:5304: result: no
configure:5332: checking whether NLS is requested
configure:5342: result: yes
configure:5345: checking locale.h usability
configure:5345: cc -c -DHAVE_CONFIG_H   conftest.c >&5
configure:5345: $? = 0
configure:5345: result: yes
configure:5345: checking locale.h presence
configure:5345: cc -E  conftest.c
configure:5345: $? = 0
configure:5345: result: yes
configure:5345: checking for locale.h
configure:5345: result: yes
configure:5353: checking for textdomain
configure:5353: cc -o conftest -DHAVE_CONFIG_H    conftest.c  >&5
/var/tmp/conftest-8333c7.o: In function `main':
conftest.c:(.text+0xc): undefined reference to `textdomain'
clang: error: linker command failed with exit code 1 (use -v to see invocation)
configure:5353: $? = 1
configure: failed program was:
| /* confdefs.h */
| #define PACKAGE_NAME "edelib"
| #define PACKAGE_TARNAME "edelib"
| #define PACKAGE_VERSION "2.1.0"
| #define PACKAGE_STRING "edelib 2.1.0"
| #define PACKAGE_BUGREPORT "karijes@users.sourceforge.net"
| #define PACKAGE_URL ""
| #define HAVE_ISO_VARARGS 1
| #define STDC_HEADERS 1
| #define HAVE_SYS_TYPES_H 1
| #define HAVE_SYS_STAT_H 1
| #define HAVE_STDLIB_H 1
| #define HAVE_STRING_H 1
| #define HAVE_MEMORY_H 1
| #define HAVE_STRINGS_H 1
| #define HAVE_INTTYPES_H 1
| #define HAVE_STDINT_H 1
| #define HAVE_UNISTD_H 1
| #define HAVE_STRING_H 1
| #define HAVE_SNPRINTF 1
| #define HAVE_VSNPRINTF 1
| #define HAVE_UNSETENV 1
| #define HAVE_GRANTPT 1
| #define HAVE_PTSNAME 1
| #define HAVE_UNLOCKPT 1
| #define HAVE_LIBUTIL_H 1
| #define HAVE_UTIL_H 1
| #define HAVE_MMAP 1
| #define HAVE_GMTIME_R 1
| #define HAVE_LOCALTIME_R 1
| #define HAVE_SETTIMEOFDAY 1
| #define HAVE_STIME 1
| #define HAVE_DAYLIGHT 1
| /* end confdefs.h.  */
| /* Define textdomain to an innocuous variant, in case <limits.h> declares textdomain.
|    For example, HP-UX 11i <limits.h> declares gettimeofday.  */
| #define textdomain innocuous_textdomain
| 
| /* System header to define __stub macros and hopefully few prototypes,
|     which can conflict with char textdomain (); below.
|     Prefer <limits.h> to <assert.h> if __STDC__ is defined, since
|     <limits.h> exists even on freestanding compilers.  */
| 
| #ifdef __STDC__
| # include <limits.h>
| #else
| # include <assert.h>
| #endif
| 
| #undef textdomain
| 
| /* Override any GCC internal prototype to avoid an error.
|    Use char because int might match the return type of a GCC
|    builtin and then its argument prototype would still apply.  */
| #ifdef __cplusplus
| extern "C"
| #endif
| char textdomain ();
| /* The GNU C library defines this for functions which it implements
|     to always fail with ENOSYS.  Some functions are actually named
|     something starting with __ and the normal name is an alias.  */
| #if defined __stub_textdomain || defined __stub___textdomain
| choke me
| #endif
| 
| int
| main ()
| {
| return textdomain ();
|   ;
|   return 0;
| }
configure:5353: result: no
configure:5360: checking for bindtextdomain
configure:5360: cc -o conftest -DHAVE_CONFIG_H    conftest.c  >&5
/var/tmp/conftest-6008aa.o: In function `main':
conftest.c:(.text+0xc): undefined reference to `bindtextdomain'
clang: error: linker command failed with exit code 1 (use -v to see invocation)
configure:5360: $? = 1
configure: failed program was:
| /* confdefs.h */
| #define PACKAGE_NAME "edelib"
| #define PACKAGE_TARNAME "edelib"
| #define PACKAGE_VERSION "2.1.0"
| #define PACKAGE_STRING "edelib 2.1.0"
| #define PACKAGE_BUGREPORT "karijes@users.sourceforge.net"
| #define PACKAGE_URL ""
| #define HAVE_ISO_VARARGS 1
| #define STDC_HEADERS 1
| #define HAVE_SYS_TYPES_H 1
| #define HAVE_SYS_STAT_H 1
| #define HAVE_STDLIB_H 1
| #define HAVE_STRING_H 1
| #define HAVE_MEMORY_H 1
| #define HAVE_STRINGS_H 1
| #define HAVE_INTTYPES_H 1
| #define HAVE_STDINT_H 1
| #define HAVE_UNISTD_H 1
| #define HAVE_STRING_H 1
| #define HAVE_SNPRINTF 1
| #define HAVE_VSNPRINTF 1
| #define HAVE_UNSETENV 1
| #define HAVE_GRANTPT 1
| #define HAVE_PTSNAME 1
| #define HAVE_UNLOCKPT 1
| #define HAVE_LIBUTIL_H 1
| #define HAVE_UTIL_H 1
| #define HAVE_MMAP 1
| #define HAVE_GMTIME_R 1
| #define HAVE_LOCALTIME_R 1
| #define HAVE_SETTIMEOFDAY 1
| #define HAVE_STIME 1
| #define HAVE_DAYLIGHT 1
| /* end confdefs.h.  */
| /* Define bindtextdomain to an innocuous variant, in case <limits.h> declares bindtextdomain.
|    For example, HP-UX 11i <limits.h> declares gettimeofday.  */
| #define bindtextdomain innocuous_bindtextdomain
| 
| /* System header to define __stub macros and hopefully few prototypes,
|     which can conflict with char bindtextdomain (); below.
|     Prefer <limits.h> to <assert.h> if __STDC__ is defined, since
|     <limits.h> exists even on freestanding compilers.  */
| 
| #ifdef __STDC__
| # include <limits.h>
| #else
| # include <assert.h>
| #endif
| 
| #undef bindtextdomain
| 
| /* Override any GCC internal prototype to avoid an error.
|    Use char because int might match the return type of a GCC
|    builtin and then its argument prototype would still apply.  */
| #ifdef __cplusplus
| extern "C"
| #endif
| char bindtextdomain ();
| /* The GNU C library defines this for functions which it implements
|     to always fail with ENOSYS.  Some functions are actually named
|     something starting with __ and the normal name is an alias.  */
| #if defined __stub_bindtextdomain || defined __stub___bindtextdomain
| choke me
| #endif
| 
| int
| main ()
| {
| return bindtextdomain ();
|   ;
|   return 0;
| }
configure:5360: result: no
configure:5367: checking for setlocale
configure:5367: cc -o conftest -DHAVE_CONFIG_H    conftest.c  >&5
configure:5367: $? = 0
configure:5367: result: yes
configure:5390: checking for XDG MIME database
configure:5420: result: no
configure:5443: checking for pkg-config
configure:5461: found /usr/pkg/bin/pkg-config
configure:5474: result: /usr/pkg/bin/pkg-config
configure:5492: checking for dbus-1 >= 1.0
configure:5496: result: yes
configure:5500: checking DBUS_CFLAGS
configure:5503: result: -DDBUS_STATIC_BUILD -I/usr/pkg/include/dbus-1.0 -I/usr/pkg/lib/dbus-1.0/include
configure:5506: checking DBUS_LIBS
configure:5517: result: -L/usr/pkg/lib -ldbus-1
configure:5555: checking for dbus_watch_get_unix_fd()
configure:5586: cc -o conftest -DHAVE_CONFIG_H  -Wno-long-long -DDBUS_STATIC_BUILD -I/usr/pkg/include/dbus-1.0 -I/usr/pkg/lib/dbus-1.0/include   conftest.c  -L/usr/pkg/lib -ldbus-1 >&5
configure:5586: $? = 0
configure:5604: result: yes
configure:5673: checking for fltk-config
configure:5691: found /usr/pkg/bin/fltk-config
configure:5703: result: /usr/pkg/bin/fltk-config
configure:5757: checking for FLTK version >= 1.1.7
configure:5769: result: yes
configure:5780: checking for XFT support in FLTK
configure:5789: result: yes
configure:5800: checking for libXpm
configure:5828: cc -c -DHAVE_CONFIG_H   conftest.c >&5
conftest.c:39:12: fatal error: 'X11/xpm.h' file not found
                #include <X11/xpm.h>
                         ^
1 error generated.
configure:5828: $? = 1
configure: failed program was:
| /* confdefs.h */
| #define PACKAGE_NAME "edelib"
| #define PACKAGE_TARNAME "edelib"
| #define PACKAGE_VERSION "2.1.0"
| #define PACKAGE_STRING "edelib 2.1.0"
| #define PACKAGE_BUGREPORT "karijes@users.sourceforge.net"
| #define PACKAGE_URL ""
| #define HAVE_ISO_VARARGS 1
| #define STDC_HEADERS 1
| #define HAVE_SYS_TYPES_H 1
| #define HAVE_SYS_STAT_H 1
| #define HAVE_STDLIB_H 1
| #define HAVE_STRING_H 1
| #define HAVE_MEMORY_H 1
| #define HAVE_STRINGS_H 1
| #define HAVE_INTTYPES_H 1
| #define HAVE_STDINT_H 1
| #define HAVE_UNISTD_H 1
| #define HAVE_STRING_H 1
| #define HAVE_SNPRINTF 1
| #define HAVE_VSNPRINTF 1
| #define HAVE_UNSETENV 1
| #define HAVE_GRANTPT 1
| #define HAVE_PTSNAME 1
| #define HAVE_UNLOCKPT 1
| #define HAVE_LIBUTIL_H 1
| #define HAVE_UTIL_H 1
| #define HAVE_MMAP 1
| #define HAVE_GMTIME_R 1
| #define HAVE_LOCALTIME_R 1
| #define HAVE_SETTIMEOFDAY 1
| #define HAVE_STIME 1
| #define HAVE_DAYLIGHT 1
| #define HAVE_DBUS 1
| #define HAVE_DBUS_WATCH_GET_UNIX_FD 1
| #define HAVE_FLTK_XFT 1
| /* end confdefs.h.  */
| 
| 		#include <X11/xpm.h>
| 
| int
| main ()
| {
| 
| 		Pixmap pix, mask;
| 		Display* display;
| 		Drawable d;
| 		XpmCreatePixmapFromData(display, d, 0, &pix, &mask, 0);
| 
|   ;
|   return 0;
| }
configure:5849: result: no
configure:6111: creating ./config.status

## ---------------------- ##
## Running config.status. ##
## ---------------------- ##

This file was extended by edelib config.status 2.1.0, which was
generated by GNU Autoconf 2.69.  Invocation command line was

  CONFIG_FILES    = 
  CONFIG_HEADERS  = 
  CONFIG_LINKS    = 
  CONFIG_COMMANDS = 
  $ ./config.status 

on JP-MINIX3

config.status:880: creating edelib/Version.h
config.status:880: creating doc/Doxyfile
config.status:880: creating Jamconfig
config.status:880: creating pc/edelib.pc
config.status:880: creating pc/edelib-gui.pc
config.status:880: creating pc/edelib-gui-no-images.pc
config.status:880: creating pc/edelib-dbus.pc
config.status:880: creating po/update-messages.sh
config.status:880: creating config.h
config.status:1050: config.h is unchanged
config.status:1064: executing outfile commands

## ---------------- ##
## Cache variables. ##
## ---------------- ##

ac_cv_c_compiler_gnu=yes
ac_cv_cxx_compiler_gnu=yes
ac_cv_env_CCC_set=
ac_cv_env_CCC_value=
ac_cv_env_CC_set=
ac_cv_env_CC_value=
ac_cv_env_CFLAGS_set=
ac_cv_env_CFLAGS_value=
ac_cv_env_CPPFLAGS_set=
ac_cv_env_CPPFLAGS_value=
ac_cv_env_CPP_set=
ac_cv_env_CPP_value=
ac_cv_env_CXXFLAGS_set=
ac_cv_env_CXXFLAGS_value=
ac_cv_env_CXX_set=
ac_cv_env_CXX_value=
ac_cv_env_LDFLAGS_set=
ac_cv_env_LDFLAGS_value=
ac_cv_env_LIBS_set=
ac_cv_env_LIBS_value=
ac_cv_env_PKG_CONFIG_PATH_set=
ac_cv_env_PKG_CONFIG_PATH_value=
ac_cv_env_PKG_CONFIG_set=
ac_cv_env_PKG_CONFIG_value=
ac_cv_env_XMKMF_set=
ac_cv_env_XMKMF_value=
ac_cv_env_build_alias_set=
ac_cv_env_build_alias_value=
ac_cv_env_host_alias_set=
ac_cv_env_host_alias_value=
ac_cv_env_target_alias_set=
ac_cv_env_target_alias_value=
ac_cv_func__getpty=no
ac_cv_func_bindtextdomain=no
ac_cv_func_connect=yes
ac_cv_func_gethostbyname=yes
ac_cv_func_gmtime_r=yes
ac_cv_func_grantpt=yes
ac_cv_func_localtime_r=yes
ac_cv_func_mmap=yes
ac_cv_func_ptsname=yes
ac_cv_func_remove=yes
ac_cv_func_setlocale=yes
ac_cv_func_settimeofday=yes
ac_cv_func_shmat=yes
ac_cv_func_snprintf=yes
ac_cv_func_stime=yes
ac_cv_func_textdomain=no
ac_cv_func_unlockpt=yes
ac_cv_func_unsetenv=yes
ac_cv_func_vsnprintf=yes
ac_cv_have_x='have_x=yes	ac_x_includes='\''/usr/X11R7/include'\''	ac_x_libraries='\''/usr/X11R7/lib'\'
ac_cv_header_inttypes_h=yes
ac_cv_header_libutil_h=yes
ac_cv_header_locale_h=yes
ac_cv_header_memory_h=yes
ac_cv_header_pty_h=no
ac_cv_header_stdc=yes
ac_cv_header_stdint_h=yes
ac_cv_header_stdlib_h=yes
ac_cv_header_string_h=yes
ac_cv_header_strings_h=yes
ac_cv_header_sys_stat_h=yes
ac_cv_header_sys_types_h=yes
ac_cv_header_unistd_h=yes
ac_cv_header_util_h=yes
ac_cv_lib_ICE_IceConnectionNumber=yes
ac_cv_objext=o
ac_cv_path_EGREP='/usr/bin/grep -E'
ac_cv_path_FLTK_CONFIG=/usr/pkg/bin/fltk-config
ac_cv_path_GREP=/usr/bin/grep
ac_cv_path_JAM=/usr/pkg/bin/jam
ac_cv_path_PKG_CONFIG=/usr/pkg/bin/pkg-config
ac_cv_path_SED=/usr/bin/sed
ac_cv_prog_CC=cc
ac_cv_prog_CPP='cc -E'
ac_cv_prog_ac_ct_CXX=c++
ac_cv_prog_cc_c89=
ac_cv_prog_cc_g=yes
ac_cv_prog_cxx_g=yes

## ----------------- ##
## Output variables. ##
## ----------------- ##

CC='cc'
CFLAGS='-DHAVE_CONFIG_H  -O2  -Wall -pedantic -Wshadow -Wno-variadic-macros'
CPP='cc -E'
CPPFLAGS=''
CXX='c++'
CXXFLAGS=' -DHAVE_CONFIG_H  -O2  -Wall -pedantic -Wshadow -Wno-variadic-macros'
DBUS_CFLAGS='-Wno-long-long -DDBUS_STATIC_BUILD -I/usr/pkg/include/dbus-1.0 -I/usr/pkg/lib/dbus-1.0/include'
DBUS_LIBS='-L/usr/pkg/lib -ldbus-1'
DBUS_VERSION='1.10.10'
DEFS='-DHAVE_CONFIG_H'
DMALLOC_LIBC=''
DMALLOC_LIBCXX=''
DOXYGEN=''
ECHO_C=''
ECHO_N='-n'
ECHO_T=''
EDELIB_API_VERSION='2.1.0'
EDELIB_MAJOR_VERSION='2'
EDELIB_MINOR_VERSION='1'
EDELIB_PATCH_VERSION='0'
EGREP='/usr/bin/grep -E'
EXEEXT=''
FLTK_CFLAGS='-I/usr/pkg/include -I/usr/X11R7/include/freetype2 -O2 -march=i586 -I/usr/pkg/include -I/usr/X11R7/include -I/usr/X11R7/include/libdrm -I/usr/X11R7/include/freetype2 -I/usr/X11R7/include -D_LARGEFILE_SOURCE -D_LARGEFILE64_SOURCE -D_THREAD_SAFE -D_REENTRANT'
FLTK_CONFIG='/usr/pkg/bin/fltk-config'
FLTK_LIBS='-L/usr/pkg/lib -L/usr/X11R7/lib -L/usr/X11R7/lib -Wl,-R/usr/X11R7/lib -Wl,-R/usr/pkg/lib -lfltk -lXcursor -lXfixes -lXext -lXft -lfontconfig -lXinerama -lpthread -lm -lX11  '
FLTK_LIBS_FULL='-L/usr/pkg/lib -L/usr/X11R7/lib -L/usr/X11R7/lib -Wl,-R/usr/X11R7/lib -Wl,-R/usr/pkg/lib -lfltk_images -lpng16 -lz -ljpeg -lfltk -lXcursor -lXfixes -lXext -lXft -lfontconfig -lXinerama -lpthread -lm -lX11  '
GREP='/usr/bin/grep'
HAVE_FL_TREE='1'
JAM='/usr/pkg/bin/jam'
LDFLAGS=''
LDLIBS=''
LIBOBJS=''
LIBS=''
LN_S='ln -s'
LTLIBOBJS=''
MSGFMT=''
OBJEXT='o'
PACKAGE_BUGREPORT='karijes@users.sourceforge.net'
PACKAGE_NAME='edelib'
PACKAGE_STRING='edelib 2.1.0'
PACKAGE_TARNAME='edelib'
PACKAGE_URL=''
PACKAGE_VERSION='2.1.0'
PATH_SEPARATOR=':'
PKG_CONFIG='/usr/pkg/bin/pkg-config'
PKG_CONFIG_PATH=''
SCHEME_FLAGS=''
SED='/usr/bin/sed'
SHARED='0'
SHELL='/bin/sh'
XDG_MIME_HAVE_MMAP=''
XGETTEXT=''
XMKMF=''
X_CFLAGS=' -I/usr/X11R7/include'
X_EXTRA_LIBS=''
X_LIBS=' -L/usr/X11R7/lib'
X_PRE_LIBS=' -lSM -lICE'
ac_ct_CC=''
ac_ct_CXX='c++'
bindir='$(exec_prefix)/bin'
build_alias=''
datadir='$(datarootdir)'
datarootdir='$(prefix)/share'
docdir='${datarootdir}/doc/${PACKAGE_TARNAME}'
dvidir='${docdir}'
exec_prefix='$(prefix)'
host_alias=''
htmldir='${docdir}'
includedir='$(prefix)/include'
infodir='$(datarootdir)/info'
libdir='$(exec_prefix)/lib'
libexecdir='$(exec_prefix)/libexec'
localedir='$(datarootdir)/locale'
localstatedir='$(prefix)/var'
mandir='$(datarootdir)/man'
oldincludedir='/usr/include'
pdfdir='${docdir}'
prefix='/usr/local'
program_transform_name='s,x,x,'
psdir='${docdir}'
sbindir='$(exec_prefix)/sbin'
sharedstatedir='$(prefix)/com'
sysconfdir='$(prefix)/etc'
target_alias=''

## ----------- ##
## confdefs.h. ##
## ----------- ##

/* confdefs.h */
#define PACKAGE_NAME "edelib"
#define PACKAGE_TARNAME "edelib"
#define PACKAGE_VERSION "2.1.0"
#define PACKAGE_STRING "edelib 2.1.0"
#define PACKAGE_BUGREPORT "karijes@users.sourceforge.net"
#define PACKAGE_URL ""
#define HAVE_ISO_VARARGS 1
#define STDC_HEADERS 1
#define HAVE_SYS_TYPES_H 1
#define HAVE_SYS_STAT_H 1
#define HAVE_STDLIB_H 1
#define HAVE_STRING_H 1
#define HAVE_MEMORY_H 1
#define HAVE_STRINGS_H 1
#define HAVE_INTTYPES_H 1
#define HAVE_STDINT_H 1
#define HAVE_UNISTD_H 1
#define HAVE_STRING_H 1
#define HAVE_SNPRINTF 1
#define HAVE_VSNPRINTF 1
#define HAVE_UNSETENV 1
#define HAVE_GRANTPT 1
#define HAVE_PTSNAME 1
#define HAVE_UNLOCKPT 1
#define HAVE_LIBUTIL_H 1
#define HAVE_UTIL_H 1
#define HAVE_MMAP 1
#define HAVE_GMTIME_R 1
#define HAVE_LOCALTIME_R 1
#define HAVE_SETTIMEOFDAY 1
#define HAVE_STIME 1
#define HAVE_DAYLIGHT 1
#define HAVE_DBUS 1
#define HAVE_DBUS_WATCH_GET_UNIX_FD 1
#define HAVE_FLTK_XFT 1

configure: exit 0
